Log file open, 05/26/18 15:17:15
LogWindows: Failed to load 'aqProf.dll' (GetLastError=126)
LogWindows: File 'aqProf.dll' does not exist
LogWindows: Failed to load 'VtuneApi.dll' (GetLastError=126)
LogWindows: File 'VtuneApi.dll' does not exist
LogWindows: Failed to load 'VtuneApi32e.dll' (GetLastError=126)
LogWindows: File 'VtuneApi32e.dll' does not exist
LogInit: Display: Running engine for game: BossFight_Proto
LogPlatformFile: Not using cached read wrapper
LogInit: Display: RandInit(1368287922) SRandInit(1368287922).
LogInit: Read version file with build ID '3944462'
LogInit: Overriding engine version to CL 4033788, compatible CL 3944462
LogInit: Registered custom module enumerator with build ID '3944462'
LogTaskGraph: Started task graph with 5 named threads and 14 total threads with 3 sets of task threads.
LogStats: Stats thread started at 0.180130
LogD3D11RHI: Aftermath initialized
LogICUInternationalization: Display: ICU TimeZone Detection - Raw Offset: +0:00, Platform Override: ''
LogModuleManager: Display: Found up-to-date module file ../../../Engine/Plugins/Marketplace/Substance/Binaries/Win64/UE4Editor-SubstanceCore.dll (API version 3944462).
LogModuleManager: Display: Found up-to-date module file ../../../Engine/Plugins/Marketplace/Substance/Binaries/Win64/UE4Editor-SubstanceEditor.dll (API version 3944462).
LogModuleManager: Display: Found up-to-date module file ../../../Engine/Plugins/Marketplace/Substance/Binaries/Win64/UE4Editor-SubstanceSource.dll (API version 3944462).
LogModuleManager: Display: Found up-to-date module file ../../../Engine/Plugins/Marketplace/Substance/Binaries/Win64/UE4Editor-SubstanceLiveLink.dll (API version 3944462).
LogModuleManager: Display: Found up-to-date module file ../../../Engine/Plugins/2D/Paper2D/Binaries/Win64/UE4Editor-Paper2D.dll (API version 3944462).
LogModuleManager: Display: Found up-to-date module file ../../../Engine/Plugins/2D/Paper2D/Binaries/Win64/UE4Editor-Paper2DEditor.dll (API version 3944462).
LogModuleManager: Display: Found up-to-date module file ../../../Engine/Plugins/2D/Paper2D/Binaries/Win64/UE4Editor-PaperSpriteSheetImporter.dll (API version 3944462).
LogModuleManager: Display: Found up-to-date module file ../../../Engine/Plugins/2D/Paper2D/Binaries/Win64/UE4Editor-PaperTiledImporter.dll (API version 3944462).
LogModuleManager: Display: Found up-to-date module file ../../../Engine/Plugins/2D/Paper2D/Binaries/Win64/UE4Editor-SmartSnapping.dll (API version 3944462).
LogModuleManager: Display: Found up-to-date module file ../../../Engine/Plugins/Blendables/LightPropagationVolume/Binaries/Win64/UE4Editor-LightPropagationVolumeRuntime.dll (API version 3944462).
LogModuleManager: Display: Found up-to-date module file ../../../Engine/Plugins/Blendables/LightPropagationVolume/Binaries/Win64/UE4Editor-LightPropagationVolumeEditor.dll (API version 3944462).
LogModuleManager: Display: Found up-to-date module file ../../../Engine/Plugins/Developer/CLionSourceCodeAccess/Binaries/Win64/UE4Editor-CLionSourceCodeAccess.dll (API version 3944462).
LogModuleManager: Display: Found up-to-date module file ../../../Engine/Plugins/Developer/GitSourceControl/Binaries/Win64/UE4Editor-GitSourceControl.dll (API version 3944462).
LogModuleManager: Display: Found up-to-date module file ../../../Engine/Plugins/Developer/PerforceSourceControl/Binaries/Win64/UE4Editor-PerforceSourceControl.dll (API version 3944462).
LogModuleManager: Display: Found up-to-date module file ../../../Engine/Plugins/Developer/SubversionSourceControl/Binaries/Win64/UE4Editor-SubversionSourceControl.dll (API version 3944462).
LogModuleManager: Display: Found up-to-date module file ../../../Engine/Plugins/Developer/UObjectPlugin/Binaries/Win64/UE4Editor-UObjectPlugin.dll (API version 3944462).
LogModuleManager: Display: Found up-to-date module file ../../../Engine/Plugins/Developer/VisualStudioCodeSourceCodeAccess/Binaries/Win64/UE4Editor-VisualStudioCodeSourceCodeAccess.dll (API version 3944462).
LogModuleManager: Display: Found up-to-date module file ../../../Engine/Plugins/Developer/VisualStudioSourceCodeAccess/Binaries/Win64/UE4Editor-VisualStudioSourceCodeAccess.dll (API version 3944462).
LogModuleManager: Display: Found up-to-date module file ../../../Engine/Plugins/Editor/AssetManagerEditor/Binaries/Win64/UE4Editor-AssetManagerEditor.dll (API version 3944462).
LogModuleManager: Display: Found up-to-date module file ../../../Engine/Plugins/Editor/CryptoKeys/Binaries/Win64/UE4Editor-CryptoKeys.dll (API version 3944462).
LogModuleManager: Display: Found up-to-date module file ../../../Engine/Plugins/Editor/CryptoKeys/Binaries/Win64/UE4Editor-CryptoKeysOpenSSL.dll (API version 3944462).
LogModuleManager: Display: Found up-to-date module file ../../../Engine/Plugins/Editor/DataValidation/Binaries/Win64/UE4Editor-DataValidation.dll (API version 3944462).
LogModuleManager: Display: Found up-to-date module file ../../../Engine/Plugins/Editor/FacialAnimation/Binaries/Win64/UE4Editor-FacialAnimation.dll (API version 3944462).
LogModuleManager: Display: Found up-to-date module file ../../../Engine/Plugins/Editor/FacialAnimation/Binaries/Win64/UE4Editor-FacialAnimationEditor.dll (API version 3944462).
LogModuleManager: Display: Found up-to-date module file ../../../Engine/Plugins/Editor/GameplayTagsEditor/Binaries/Win64/UE4Editor-GameplayTagsEditor.dll (API version 3944462).
LogModuleManager: Display: Found up-to-date module file ../../../Engine/Plugins/Editor/MobileLauncherProfileWizard/Binaries/Win64/UE4Editor-MobileLauncherProfileWizard.dll (API version 3944462).
LogModuleManager: Display: Found up-to-date module file ../../../Engine/Plugins/Editor/PluginBrowser/Binaries/Win64/UE4Editor-PluginBrowser.dll (API version 3944462).
LogModuleManager: Display: Found up-to-date module file ../../../Engine/Plugins/Editor/SpeedTreeImporter/Binaries/Win64/UE4Editor-SpeedTreeImporter.dll (API version 3944462).
LogModuleManager: Display: Found up-to-date module file ../../../Engine/Plugins/Enterprise/DatasmithContent/Binaries/Win64/UE4Editor-DatasmithContent.dll (API version 3944462).
LogModuleManager: Display: Found up-to-date module file ../../../Engine/Plugins/Experimental/AlembicImporter/Binaries/Win64/UE4Editor-AlembicImporter.dll (API version 3944462).
LogModuleManager: Display: Found up-to-date module file ../../../Engine/Plugins/Experimental/AlembicImporter/Binaries/Win64/UE4Editor-AlembicLibrary.dll (API version 3944462).
LogModuleManager: Display: Found up-to-date module file ../../../Engine/Plugins/Experimental/CharacterAI/Binaries/Win64/UE4Editor-CharacterAI.dll (API version 3944462).
LogModuleManager: Display: Found up-to-date module file ../../../Engine/Plugins/Experimental/HTML5Networking/Binaries/Win64/UE4Editor-HTML5Networking.dll (API version 3944462).
LogModuleManager: Display: Found up-to-date module file ../../../Engine/Plugins/Media/AndroidMedia/Binaries/Win64/UE4Editor-AndroidMediaEditor.dll (API version 3944462).
LogModuleManager: Display: Found up-to-date module file ../../../Engine/Plugins/Media/AndroidMedia/Binaries/Win64/UE4Editor-AndroidMediaFactory.dll (API version 3944462).
LogModuleManager: Display: Found up-to-date module file ../../../Engine/Plugins/Media/AvfMedia/Binaries/Win64/UE4Editor-AvfMediaEditor.dll (API version 3944462).
LogModuleManager: Display: Found up-to-date module file ../../../Engine/Plugins/Media/AvfMedia/Binaries/Win64/UE4Editor-AvfMediaFactory.dll (API version 3944462).
LogModuleManager: Display: Found up-to-date module file ../../../Engine/Plugins/Media/AvfMedia/Binaries/Win64/UE4Editor-AvfMediaFactory.dll (API version 3944462).
LogModuleManager: Display: Found up-to-date module file ../../../Engine/Plugins/Media/ImgMedia/Binaries/Win64/UE4Editor-ImgMedia.dll (API version 3944462).
LogModuleManager: Display: Found up-to-date module file ../../../Engine/Plugins/Media/ImgMedia/Binaries/Win64/UE4Editor-ImgMediaEditor.dll (API version 3944462).
LogModuleManager: Display: Found up-to-date module file ../../../Engine/Plugins/Media/ImgMedia/Binaries/Win64/UE4Editor-ImgMediaFactory.dll (API version 3944462).
LogModuleManager: Display: Found up-to-date module file ../../../Engine/Plugins/Media/ImgMedia/Binaries/Win64/UE4Editor-ImgMediaFactory.dll (API version 3944462).
LogModuleManager: Display: Found up-to-date module file ../../../Engine/Plugins/Media/ImgMedia/Binaries/Win64/UE4Editor-OpenExrWrapper.dll (API version 3944462).
LogModuleManager: Display: Found up-to-date module file ../../../Engine/Plugins/Media/LinearTimecode/Binaries/Win64/UE4Editor-LinearTimecode.dll (API version 3944462).
LogModuleManager: Display: Found up-to-date module file ../../../Engine/Plugins/Media/MediaCompositing/Binaries/Win64/UE4Editor-MediaCompositing.dll (API version 3944462).
LogModuleManager: Display: Found up-to-date module file ../../../Engine/Plugins/Media/MediaCompositing/Binaries/Win64/UE4Editor-MediaCompositingEditor.dll (API version 3944462).
LogModuleManager: Display: Found up-to-date module file ../../../Engine/Plugins/Media/MediaPlayerEditor/Binaries/Win64/UE4Editor-MediaPlayerEditor.dll (API version 3944462).
LogModuleManager: Display: Found up-to-date module file ../../../Engine/Plugins/Media/WmfMedia/Binaries/Win64/UE4Editor-WmfMedia.dll (API version 3944462).
LogModuleManager: Display: Found up-to-date module file ../../../Engine/Plugins/Media/WmfMedia/Binaries/Win64/UE4Editor-WmfMediaEditor.dll (API version 3944462).
LogModuleManager: Display: Found up-to-date module file ../../../Engine/Plugins/Media/WmfMedia/Binaries/Win64/UE4Editor-WmfMediaFactory.dll (API version 3944462).
LogModuleManager: Display: Found up-to-date module file ../../../Engine/Plugins/Media/WmfMedia/Binaries/Win64/UE4Editor-WmfMediaFactory.dll (API version 3944462).
LogModuleManager: Display: Found up-to-date module file ../../../Engine/Plugins/Messaging/TcpMessaging/Binaries/Win64/UE4Editor-TcpMessaging.dll (API version 3944462).
LogModuleManager: Display: Found up-to-date module file ../../../Engine/Plugins/Messaging/UdpMessaging/Binaries/Win64/UE4Editor-UdpMessaging.dll (API version 3944462).
LogModuleManager: Display: Found up-to-date module file ../../../Engine/Plugins/MovieScene/ActorSequence/Binaries/Win64/UE4Editor-ActorSequence.dll (API version 3944462).
LogModuleManager: Display: Found up-to-date module file ../../../Engine/Plugins/MovieScene/LevelSequenceEditor/Binaries/Win64/UE4Editor-LevelSequenceEditor.dll (API version 3944462).
LogModuleManager: Display: Found up-to-date module file ../../../Engine/Plugins/MovieScene/MatineeToLevelSequence/Binaries/Win64/UE4Editor-MatineeToLevelSequence.dll (API version 3944462).
LogModuleManager: Display: Found up-to-date module file ../../../Engine/Plugins/NetcodeUnitTest/NetcodeUnitTest/Binaries/Win64/UE4Editor-NetcodeUnitTest.dll (API version 3944462).
LogModuleManager: Display: Found up-to-date module file ../../../Engine/Plugins/NetcodeUnitTest/NUTUnrealEngine4/Binaries/Win64/UE4Editor-NUTUnrealEngine4.dll (API version 3944462).
LogModuleManager: Display: Found up-to-date module file ../../../Engine/Plugins/Online/OnlineSubsystem/Binaries/Win64/UE4Editor-OnlineSubsystem.dll (API version 3944462).
LogModuleManager: Display: Found up-to-date module file ../../../Engine/Plugins/Runtime/AndroidPermission/Binaries/Win64/UE4Editor-AndroidPermission.dll (API version 3944462).
LogModuleManager: Display: Found up-to-date module file ../../../Engine/Plugins/Online/OnlineSubsystemNull/Binaries/Win64/UE4Editor-OnlineSubsystemNull.dll (API version 3944462).
LogModuleManager: Display: Found up-to-date module file ../../../Engine/Plugins/Online/OnlineSubsystemUtils/Binaries/Win64/UE4Editor-OnlineSubsystemUtils.dll (API version 3944462).
LogModuleManager: Display: Found up-to-date module file ../../../Engine/Plugins/Online/OnlineSubsystemUtils/Binaries/Win64/UE4Editor-OnlineBlueprintSupport.dll (API version 3944462).
LogModuleManager: Display: Found up-to-date module file ../../../Engine/Plugins/Runtime/AndroidDeviceProfileSelector/Binaries/Win64/UE4Editor-AndroidDeviceProfileSelector.dll (API version 3944462).
LogModuleManager: Display: Found up-to-date module file ../../../Engine/Plugins/Runtime/AppleARKit/Binaries/Win64/UE4Editor-AppleARKit.dll (API version 3944462).
LogModuleManager: Display: Found up-to-date module file ../../../Engine/Plugins/Runtime/ProceduralMeshComponent/Binaries/Win64/UE4Editor-ProceduralMeshComponent.dll (API version 3944462).
LogModuleManager: Display: Found up-to-date module file ../../../Engine/Plugins/Runtime/ProceduralMeshComponent/Binaries/Win64/UE4Editor-ProceduralMeshComponentEditor.dll (API version 3944462).
LogModuleManager: Display: Found up-to-date module file ../../../Engine/Plugins/Animation/LiveLink/Binaries/Win64/UE4Editor-LiveLink.dll (API version 3944462).
LogModuleManager: Display: Found up-to-date module file ../../../Engine/Plugins/Animation/LiveLink/Binaries/Win64/UE4Editor-LiveLinkEditor.dll (API version 3944462).
LogModuleManager: Display: Found up-to-date module file ../../../Engine/Plugins/Runtime/ArchVisCharacter/Binaries/Win64/UE4Editor-ArchVisCharacter.dll (API version 3944462).
LogModuleManager: Display: Found up-to-date module file ../../../Engine/Plugins/Runtime/AudioCapture/Binaries/Win64/UE4Editor-AudioCapture.dll (API version 3944462).
LogModuleManager: Display: Found up-to-date module file ../../../Engine/Plugins/Runtime/AudioCapture/Binaries/Win64/UE4Editor-AudioCaptureEditor.dll (API version 3944462).
LogModuleManager: Display: Found up-to-date module file ../../../Engine/Plugins/Runtime/CableComponent/Binaries/Win64/UE4Editor-CableComponent.dll (API version 3944462).
LogModuleManager: Display: Found up-to-date module file ../../../Engine/Plugins/Runtime/CustomMeshComponent/Binaries/Win64/UE4Editor-CustomMeshComponent.dll (API version 3944462).
LogModuleManager: Display: Found up-to-date module file ../../../Engine/Plugins/Runtime/ExampleDeviceProfileSelector/Binaries/Win64/UE4Editor-ExampleDeviceProfileSelector.dll (API version 3944462).
LogModuleManager: Display: Found up-to-date module file ../../../Engine/Plugins/Runtime/ImmediatePhysics/Binaries/Win64/UE4Editor-ImmediatePhysics.dll (API version 3944462).
LogModuleManager: Display: Found up-to-date module file ../../../Engine/Plugins/Runtime/ImmediatePhysics/Binaries/Win64/UE4Editor-ImmediatePhysicsEditor.dll (API version 3944462).
LogModuleManager: Display: Found up-to-date module file ../../../Engine/Plugins/Runtime/LocationServicesBPLibrary/Binaries/Win64/UE4Editor-LocationServicesBPLibrary.dll (API version 3944462).
LogModuleManager: Display: Found up-to-date module file ../../../Engine/Plugins/Runtime/MobilePatchingUtils/Binaries/Win64/UE4Editor-MobilePatchingUtils.dll (API version 3944462).
LogModuleManager: Display: Found up-to-date module file ../../../Engine/Plugins/Runtime/Oculus/OculusVR/Binaries/Win64/UE4Editor-OculusHMD.dll (API version 3944462).
LogModuleManager: Display: Found up-to-date module file ../../../Engine/Plugins/Runtime/Oculus/OculusVR/Binaries/Win64/UE4Editor-OculusInput.dll (API version 3944462).
LogModuleManager: Display: Found up-to-date module file ../../../Engine/Plugins/Runtime/Oculus/OculusVR/Binaries/Win64/UE4Editor-OculusEditor.dll (API version 3944462).
LogModuleManager: Display: Found up-to-date module file ../../../Engine/Plugins/Runtime/PhysXVehicles/Binaries/Win64/UE4Editor-PhysXVehicles.dll (API version 3944462).
LogModuleManager: Display: Found up-to-date module file ../../../Engine/Plugins/Runtime/PhysXVehicles/Binaries/Win64/UE4Editor-PhysXVehiclesEditor.dll (API version 3944462).
LogModuleManager: Display: Found up-to-date module file ../../../Engine/Plugins/Runtime/RuntimePhysXCooking/Binaries/Win64/UE4Editor-RuntimePhysXCooking.dll (API version 3944462).
LogModuleManager: Display: Found up-to-date module file ../../../Engine/Plugins/Runtime/Steam/SteamVR/Binaries/Win64/UE4Editor-SteamVR.dll (API version 3944462).
LogModuleManager: Display: Found up-to-date module file ../../../Engine/Plugins/Runtime/Steam/SteamVR/Binaries/Win64/UE4Editor-SteamVRController.dll (API version 3944462).
LogModuleManager: Display: Found up-to-date module file ../../../Engine/Plugins/Runtime/WindowsMoviePlayer/Binaries/Win64/UE4Editor-WindowsMoviePlayer.dll (API version 3944462).
LogPluginManager: Mounting plugin Paper2D
LogPluginManager: Mounting plugin LiveLink
LogPluginManager: Mounting plugin LightPropagationVolume
LogPluginManager: Mounting plugin CLionSourceCodeAccess
LogPluginManager: Mounting plugin CodeLiteSourceCodeAccess
LogPluginManager: Mounting plugin GitSourceControl
LogPluginManager: Mounting plugin KDevelopSourceCodeAccess
LogPluginManager: Mounting plugin NullSourceCodeAccess
LogPluginManager: Mounting plugin PerforceSourceControl
LogPluginManager: Mounting plugin SubversionSourceControl
LogPluginManager: Mounting plugin UObjectPlugin
LogPluginManager: Mounting plugin VisualStudioCodeSourceCodeAccess
LogPluginManager: Mounting plugin VisualStudioSourceCodeAccess
LogPluginManager: Mounting plugin XCodeSourceCodeAccess
LogPluginManager: Mounting plugin AssetManagerEditor
LogPluginManager: Mounting plugin CryptoKeys
LogPluginManager: Mounting plugin DataValidation
LogPluginManager: Mounting plugin FacialAnimation
LogPluginManager: Mounting plugin GameplayTagsEditor
LogPluginManager: Mounting plugin MobileLauncherProfileWizard
LogPluginManager: Mounting plugin PluginBrowser
LogPluginManager: Mounting plugin SpeedTreeImporter
LogPluginManager: Mounting plugin DatasmithContent
LogPluginManager: Mounting plugin AlembicImporter
LogPluginManager: Mounting plugin CharacterAI
LogPluginManager: Mounting plugin HTML5Networking
LogPluginManager: Mounting plugin Substance
LogPluginManager: Mounting plugin AndroidMedia
LogPluginManager: Mounting plugin AvfMedia
LogPluginManager: Mounting plugin ImgMedia
LogPluginManager: Mounting plugin LinearTimecode
LogPluginManager: Mounting plugin MediaCompositing
LogPluginManager: Mounting plugin MediaPlayerEditor
LogPluginManager: Mounting plugin WmfMedia
LogPluginManager: Mounting plugin TcpMessaging
LogPluginManager: Mounting plugin UdpMessaging
LogPluginManager: Mounting plugin ActorSequence
LogPluginManager: Mounting plugin LevelSequenceEditor
LogPluginManager: Mounting plugin MatineeToLevelSequence
LogPluginManager: Mounting plugin NetcodeUnitTest
LogPluginManager: Mounting plugin NUTUnrealEngine4
LogPluginManager: Mounting plugin OnlineSubsystemGooglePlay
LogPluginManager: Mounting plugin OnlineSubsystemIOS
LogPluginManager: Mounting plugin OnlineSubsystem
LogPluginManager: Mounting plugin OnlineSubsystemNull
LogPluginManager: Mounting plugin OnlineSubsystemUtils
LogPluginManager: Mounting plugin AndroidDeviceProfileSelector
LogPluginManager: Mounting plugin AndroidMoviePlayer
LogPluginManager: Mounting plugin AndroidPermission
LogPluginManager: Mounting plugin AppleARKit
LogPluginManager: Mounting plugin AppleMoviePlayer
LogPluginManager: Mounting plugin ArchVisCharacter
LogPluginManager: Mounting plugin AudioCapture
LogPluginManager: Mounting plugin CableComponent
LogPluginManager: Mounting plugin CustomMeshComponent
LogPluginManager: Mounting plugin ExampleDeviceProfileSelector
LogPluginManager: Mounting plugin GoogleCloudMessaging
LogPluginManager: Mounting plugin ImmediatePhysics
LogPluginManager: Mounting plugin IOSDeviceProfileSelector
LogPluginManager: Mounting plugin LinuxDeviceProfileSelector
LogPluginManager: Mounting plugin LocationServicesBPLibrary
LogPluginManager: Mounting plugin MobilePatchingUtils
LogPluginManager: Mounting plugin OculusVR
LogPluginManager: Plugin shader directory ../../../Engine/Plugins/Runtime/Oculus/OculusVR/Shaders found
LogPluginManager: Mapping shader source directory ../../../Engine/Plugins/Runtime/Oculus/OculusVR/Shaders to virtual directory /Plugin/OculusVR
LogPluginManager: Mounting plugin PhysXVehicles
LogPluginManager: Mounting plugin ProceduralMeshComponent
LogPluginManager: Mounting plugin RuntimePhysXCooking
LogPluginManager: Mounting plugin SteamVR
LogPluginManager: Mounting plugin WindowsMoviePlayer
LogStreaming: Display: Took  2.764s to configure plugins.
LogInit: Using libcurl 7.47.1
LogInit:  - built for x86_64-pc-win32
LogInit:  - supports SSL with OpenSSL/1.0.2g
LogInit:  - supports HTTP deflate (compression) using libz 1.2.8
LogInit:  - other features:
LogInit:      CURL_VERSION_SSL
LogInit:      CURL_VERSION_LIBZ
LogInit:      CURL_VERSION_IPV6
LogInit:      CURL_VERSION_ASYNCHDNS
LogInit:      CURL_VERSION_LARGEFILE
LogInit:      CURL_VERSION_IDN
LogInit:  CurlRequestOptions (configurable via config and command line):
LogInit:  - bVerifyPeer = false  - Libcurl will NOT verify peer certificate
LogInit:  - bUseHttpProxy = false  - Libcurl will NOT use HTTP proxy
LogInit:  - bDontReuseConnections = false  - Libcurl will reuse connections
LogInit:  - CertBundlePath = nullptr  - Libcurl will use whatever was configured at build time.
LogInit:  - MaxHostConnections = 16  - Libcurl will limit the number of connections to a host
LogInit:  - LocalHostAddr = Default
LogInit: WinSock: version 1.1 (2.2), MaxSocks=32767, MaxUdp=65467
LogInit: WinSock: I am DESKTOP-A7TIQSB (192.168.1.184:0)
LogInit: Build: ++UE4+Release-4.19-CL-4033788
LogInit: Engine Version: 4.19.2-4033788+++UE4+Release-4.19
LogInit: Compatible Engine Version: 4.19.0-3944462+++UE4+Release-4.19
LogInit: Net CL: 3944462
LogDevObjectVersion: Number of dev versions registered: 18
LogDevObjectVersion:   Dev-Blueprints (B0D832E4-1F89-4F0D-ACCF-7EB736FD4AA2): 10
LogDevObjectVersion:   Dev-Build (E1C64328-A22C-4D53-A36C-8E866417BD8C): 0
LogDevObjectVersion:   Dev-Core (375EC13C-06E4-48FB-B500-84F0262A717E): 2
LogDevObjectVersion:   Dev-Editor (E4B068ED-F494-42E9-A231-DA0B2E46BB41): 23
LogDevObjectVersion:   Dev-Framework (CFFC743F-43B0-4480-9391-14DF171D2073): 33
LogDevObjectVersion:   Dev-Mobile (B02B49B5-BB20-44E9-A304-32B752E40360): 2
LogDevObjectVersion:   Dev-Networking (A4E4105C-59A1-49B5-A7C5-40C4547EDFEE): 0
LogDevObjectVersion:   Dev-Online (39C831C9-5AE6-47DC-9A44-9C173E1C8E7C): 0
LogDevObjectVersion:   Dev-Physics (78F01B33-EBEA-4F98-B9B4-84EACCB95AA2): 0
LogDevObjectVersion:   Dev-Platform (6631380F-2D4D-43E0-8009-CF276956A95A): 0
LogDevObjectVersion:   Dev-Rendering (12F88B9F-8875-4AFC-A67C-D90C383ABD29): 25
LogDevObjectVersion:   Dev-Sequencer (7B5AE74C-D270-4C10-A958-57980B212A5A): 6
LogDevObjectVersion:   Dev-VR (D7296918-1DD6-4BDD-9DE2-64A83CC13884): 1
LogDevObjectVersion:   Dev-LoadTimes (C2A15278-BFE7-4AFE-6C17-90FF531DF755): 1
LogDevObjectVersion:   Private-Geometry (6EACA3D4-40EC-4CC1-B786-8BED09428FC5): 2
LogDevObjectVersion:   Dev-AnimPhys (29E575DD-E0A3-4627-9D10-D276232CDCEA): 16
LogDevObjectVersion:   Dev-ReflectionCapture (6B266CEC-1EC7-4B8F-A30B-E4D90942FC07): 1
LogDevObjectVersion:   Dev-Automation (0DF73D61-A23F-47EA-B727-89E90C41499A): 1
LogInit: Compiled (64-bit): Apr 27 2018 02:06:57
LogInit: Compiled with Visual C++: 19.00.24215.01
LogInit: Build Configuration: Development
LogInit: Branch Name: ++UE4+Release-4.19
LogInit: Command Line:  
LogInit: Base Directory: C:/Program Files/Epic Games/UE_4.19/Engine/Binaries/Win64/
LogInit: Installed Engine Build: 1
LogStreaming: Display: Took  0.000s to delete old logs.
LogInit: Presizing for max 8388607 objects, including 0 objects not considered by GC, pre-allocating 0 bytes for permanent pool.
LogInit: Object subsystem initialized
[2018.05.26-14.17.18:949][  0]LogInit: Selected Device Profile: [Windows]
[2018.05.26-14.17.18:949][  0]LogInit: Applying CVar settings loaded from the selected device profile: [Windows]
[2018.05.26-14.17.18:988][  0]LogInit: Computer: DESKTOP-A7TIQSB
[2018.05.26-14.17.18:988][  0]LogInit: User: Ryan
[2018.05.26-14.17.18:988][  0]LogInit: CPU Page size=4096, Cores=4
[2018.05.26-14.17.18:988][  0]LogInit: High frequency timer resolution =3.415991 MHz
[2018.05.26-14.17.18:988][  0]LogMemory: Memory total: Physical=15.9GB (16GB approx)
[2018.05.26-14.17.18:988][  0]LogMemory: Platform Memory Stats for Windows
[2018.05.26-14.17.18:988][  0]LogMemory: Process Physical Memory: 272.77 MB used, 272.77 MB peak
[2018.05.26-14.17.18:988][  0]LogMemory: Process Virtual Memory: 261.93 MB used, 261.93 MB peak
[2018.05.26-14.17.18:988][  0]LogMemory: Physical Memory: 5239.66 MB used,  11080.05 MB free, 16319.71 MB total
[2018.05.26-14.17.18:988][  0]LogMemory: Virtual Memory: 4780.84 MB used,  11080.05 MB free, 134217728.00 MB total
[2018.05.26-14.17.19:289][  0]LogInit: Using OS detected language (en-US).
[2018.05.26-14.17.19:289][  0]LogInit: Using OS detected locale (en-GB).
[2018.05.26-14.17.19:385][  0]LogTextLocalizationManager: No specific localization for 'en-US' exists, so the 'en' localization will be used.
[2018.05.26-14.17.20:030][  0]LogStreaming: Display: Took  0.742s to EndInitTextLocalization.
[2018.05.26-14.17.20:031][  0]LogInit: Setting process to per monitor DPI aware
[2018.05.26-14.17.20:192][  0]LogSlate: New Slate User Created.  User Index 0, Is Virtual User: 0
[2018.05.26-14.17.20:192][  0]LogSlate: Slate User Registered.  User Index 0, Is Virtual User: 0
[2018.05.26-14.17.23:334][  0]LogD3D11RHI: D3D11 adapters:
[2018.05.26-14.17.23:386][  0]LogD3D11RHI:    0. 'NVIDIA GeForce GTX 970' (Feature Level 11_0)
[2018.05.26-14.17.23:386][  0]LogD3D11RHI:       4043/0/8159 MB DedicatedVideo/DedicatedSystem/SharedSystem, Outputs:2, VendorId:0x10de
[2018.05.26-14.17.23:389][  0]LogD3D11RHI:    1. 'Microsoft Basic Render Driver' (Feature Level 11_0)
[2018.05.26-14.17.23:389][  0]LogD3D11RHI:       0/0/8159 MB DedicatedVideo/DedicatedSystem/SharedSystem, Outputs:0, VendorId:0x1414
[2018.05.26-14.17.23:389][  0]LogD3D11RHI: Chosen D3D11 Adapter: 0
[2018.05.26-14.17.23:395][  0]LogD3D11RHI: Creating new Direct3DDevice
[2018.05.26-14.17.23:395][  0]LogD3D11RHI:     GPU DeviceId: 0x13c2 (for the marketing name, search the web for "GPU Device Id")
[2018.05.26-14.17.23:395][  0]LogWindows: EnumDisplayDevices:
[2018.05.26-14.17.23:395][  0]LogWindows:    0. 'NVIDIA GeForce GTX 970' (P:1 D:1)
[2018.05.26-14.17.23:395][  0]LogWindows:    1. 'NVIDIA GeForce GTX 970' (P:0 D:1)
[2018.05.26-14.17.23:395][  0]LogWindows:    2. 'NVIDIA GeForce GTX 970' (P:0 D:0)
[2018.05.26-14.17.23:395][  0]LogWindows:    3. 'NVIDIA GeForce GTX 970' (P:0 D:0)
[2018.05.26-14.17.23:395][  0]LogWindows: DebugString: GetVideoDriverDetailsInvalid PrimaryIsNotTheChoosenAdapter GetVideoDriverDetailsInvalid PrimaryIsNotTheChoosenAdapter GetVideoDriverDetailsInvalid PrimaryIsNotTheChoosenAdapter GetVideoDriverDetailsInvalid PrimaryIsNotTheChoosenAdapter FoundDriverCount:0 
[2018.05.26-14.17.23:395][  0]LogD3D11RHI:     Adapter Name: NVIDIA GeForce GTX 970
[2018.05.26-14.17.23:395][  0]LogD3D11RHI:   Driver Version: Unknown (internal:Unknown, unified:Unknown)
[2018.05.26-14.17.23:395][  0]LogD3D11RHI:      Driver Date: Unknown
[2018.05.26-14.17.23:395][  0]LogRHI: Texture pool is 2830 MB (70% of 4043 MB)
[2018.05.26-14.17.23:430][  0]LogD3D11RHI: [Aftermath] Aftermath enabled and primed
[2018.05.26-14.17.23:431][  0]LogD3D11RHI: [Aftermath] Aftermath enabled and primed
[2018.05.26-14.17.23:431][  0]LogD3D11RHI: Async texture creation enabled
[2018.05.26-14.17.23:518][  0]LogD3D11RHI: GPU Timing Frequency: 1000.000000 (Debug: 2 2)
[2018.05.26-14.17.23:567][  0]LogShaderCompilers: Guid format shader working directory is -21 characters bigger than the processId version (../../../../../../Users/Ryan/Documents/Indie Games/BossFight_Proto/Intermediate/Shaders/WorkingDirectory/8480/).
[2018.05.26-14.17.23:567][  0]LogShaderCompilers: Cleaned the shader compiler working directory 'C:/Users/Ryan/AppData/Local/Temp/UnrealShaderWorkingDir/1F917E7D4EB09F398C08CBA285CC0423/'.
[2018.05.26-14.17.24:189][  0]LogTemp: Display: Loaded TP AllDesktopTargetPlatform
[2018.05.26-14.17.24:204][  0]LogTemp: Display: Loaded TP MacClientTargetPlatform
[2018.05.26-14.17.24:217][  0]LogTemp: Display: Loaded TP MacNoEditorTargetPlatform
[2018.05.26-14.17.24:231][  0]LogTemp: Display: Loaded TP MacServerTargetPlatform
[2018.05.26-14.17.24:277][  0]LogTemp: Display: Loaded TP MacTargetPlatform
[2018.05.26-14.17.24:291][  0]LogTemp: Display: Loaded TP WindowsClientTargetPlatform
[2018.05.26-14.17.24:306][  0]LogTemp: Display: Loaded TP WindowsNoEditorTargetPlatform
[2018.05.26-14.17.24:333][  0]LogTemp: Display: Loaded TP WindowsServerTargetPlatform
[2018.05.26-14.17.24:341][  0]LogTemp: Display: Loaded TP WindowsTargetPlatform
[2018.05.26-14.17.24:353][  0]LogTemp: Display: Loaded TP Android_ASTCTargetPlatform
[2018.05.26-14.17.24:365][  0]LogTemp: Display: Loaded TP Android_ATCTargetPlatform
[2018.05.26-14.17.24:378][  0]LogTemp: Display: Loaded TP Android_DXTTargetPlatform
[2018.05.26-14.17.24:390][  0]LogTemp: Display: Loaded TP Android_ETC1aTargetPlatform
[2018.05.26-14.17.24:402][  0]LogTemp: Display: Loaded TP Android_ETC1TargetPlatform
[2018.05.26-14.17.24:414][  0]LogTemp: Display: Loaded TP Android_ETC2TargetPlatform
[2018.05.26-14.17.24:439][  0]LogTemp: Display: Loaded TP Android_MultiTargetPlatform
[2018.05.26-14.17.24:439][  0]LogTemp: Display: Loaded TP Android_PVRTCTargetPlatform
[2018.05.26-14.17.24:467][  0]LogTemp: Display: Loaded TP AndroidTargetPlatform
[2018.05.26-14.17.24:469][  0]LogTemp: Display: Loaded TP HTML5TargetPlatform
[2018.05.26-14.17.24:550][  0]LogTemp: Display: Loaded TP IOSTargetPlatform
[2018.05.26-14.17.24:562][  0]LogTemp: Display: Loaded TP TVOSTargetPlatform
[2018.05.26-14.17.24:574][  0]LogTemp: Display: Loaded TP LinuxClientTargetPlatform
[2018.05.26-14.17.24:587][  0]LogTemp: Display: Loaded TP LinuxNoEditorTargetPlatform
[2018.05.26-14.17.24:600][  0]LogTemp: Display: Loaded TP LinuxServerTargetPlatform
[2018.05.26-14.17.24:660][  0]LogTemp: Display: Loaded TP LinuxTargetPlatform
[2018.05.26-14.17.24:660][  0]LogTargetPlatformManager: Display: Building Assets For Windows
[2018.05.26-14.17.25:191][  0]LogXGEController: Cleaning working directory: C:/Users/Ryan/AppData/Local/Temp/UnrealXGEWorkingDir/
[2018.05.26-14.17.25:191][  0]LogXGEController: Cannot use XGE Controller as Incredibuild is not installed on this machine.
[2018.05.26-14.17.25:191][  0]LogShaderCompilers: Cannot use XGE Shader Compiler as Incredibuild is not installed on this machine.
[2018.05.26-14.17.25:191][  0]LogShaderCompilers: Display: Using Local Shader Compiler.
[2018.05.26-14.17.29:153][  0]LogDerivedDataCache: Display: Max Cache Size: 512 MB
[2018.05.26-14.17.29:651][  0]LogDerivedDataCache: Loaded boot cache 0.50s 74MB C:/Users/Ryan/AppData/Local/UnrealEngine/4.19/DerivedDataCache/Boot.ddc.
[2018.05.26-14.17.29:652][  0]LogDerivedDataCache: Display: Loaded Boot cache: C:/Users/Ryan/AppData/Local/UnrealEngine/4.19/DerivedDataCache/Boot.ddc
[2018.05.26-14.17.29:652][  0]LogDerivedDataCache: FDerivedDataBackendGraph:  Pak pak cache file ../../../../../../Users/Ryan/Documents/Indie Games/BossFight_Proto/DerivedDataCache/DDC.ddp not found, will not use a pak cache.
[2018.05.26-14.17.29:652][  0]LogDerivedDataCache: Unable to find inner node Pak for hierarchical cache Hierarchy.
[2018.05.26-14.17.29:652][  0]LogDerivedDataCache: FDerivedDataBackendGraph:  CompressedPak pak cache file ../../../../../../Users/Ryan/Documents/Indie Games/BossFight_Proto/DerivedDataCache/Compressed.ddp not found, will not use a pak cache.
[2018.05.26-14.17.29:652][  0]LogDerivedDataCache: Unable to find inner node CompressedPak for hierarchical cache Hierarchy.
[2018.05.26-14.17.29:691][  0]LogDerivedDataCache: Display: Pak cache opened for reading ../../../Engine/DerivedDataCache/Compressed.ddp.
[2018.05.26-14.17.29:703][  0]LogDerivedDataCache: Using Local data cache path C:/Users/Ryan/AppData/Local/UnrealEngine/Common/DerivedDataCache: Writable
[2018.05.26-14.17.29:703][  0]LogDerivedDataCache: Shared data cache path not found in *engine.ini, will not use an Shared cache.
[2018.05.26-14.17.29:703][  0]LogDerivedDataCache: Unable to find inner node Shared for hierarchical cache Hierarchy.
[2018.05.26-14.17.29:713][  0]LogMaterial: Verifying Global Shaders for PCD3D_SM5
[2018.05.26-14.17.29:713][  0]LogSlate: Using Freetype 2.6.0
[2018.05.26-14.17.29:732][  0]LogSlate: SlateFontCache - WITH_FREETYPE: 1, WITH_HARFBUZZ: 1
[2018.05.26-14.17.29:732][  0]LogSlate: SlateFontCache - WITH_FREETYPE: 1, WITH_HARFBUZZ: 1
[2018.05.26-14.17.33:467][  0]LogAssetRegistry: FAssetRegistry took 0.0263 seconds to start up
[2018.05.26-14.17.33:844][  0]LogInit: Selected Device Profile: [Windows]
[2018.05.26-14.17.34:409][  0]LogSimplygon: Simplygon DLL not present - disabling.
[2018.05.26-14.17.34:420][  0]LogMeshReduction: Using SimplygonSwarm for distributed automatic mesh merging
[2018.05.26-14.17.34:420][  0]LogMeshReduction: Using QuadricMeshReduction for automatic static mesh reduction
[2018.05.26-14.17.34:420][  0]LogMeshReduction: No automatic skeletal mesh reduction module available
[2018.05.26-14.17.34:420][  0]LogMeshReduction: No automatic mesh merging module available
[2018.05.26-14.17.34:420][  0]LogMeshMerging: No automatic mesh merging module available
[2018.05.26-14.17.34:524][  0]LogNetVersion: BossFight_Proto , NetCL: 3944462, EngineNetVer: 2, GameNetVer: 0 (Checksum: 3872777987)
[2018.05.26-14.17.36:680][  0]LogPackageLocalizationCache: Processed 9 localized package path(s) for 2 prioritized culture(s) in 0.064272 seconds
[2018.05.26-14.17.36:685][  0]LogUObjectArray: 36728 objects as part of root set at end of initial load.
[2018.05.26-14.17.36:685][  0]LogUObjectAllocator: 7314312 out of 0 bytes used by permanent object pool.
[2018.05.26-14.17.36:685][  0]LogUObjectArray: CloseDisregardForGC: 0/0 objects in disregard for GC pool
[2018.05.26-14.17.58:478][  0]LogSubstanceCoreModule: Substance [CPU] Engine Loaded, Max Texture Size = 2048
[2018.05.26-14.17.58:546][  0]LogTcpMessaging: Initializing TcpMessaging bridge
[2018.05.26-14.17.58:595][  0]LogUdpMessaging: Initializing bridge on interface 0.0.0.0:0 to multicast group 230.0.0.1:6666.
[2018.05.26-14.17.59:479][  0]SourceControl: Source control is disabled
[2018.05.26-14.17.59:479][  0]SourceControl: Source control is disabled
[2018.05.26-14.17.59:519][  0]SourceControl: Source control is disabled
[2018.05.26-14.17.59:557][  0]SourceControl: Source control is disabled
[2018.05.26-14.18.00:701][  0]LogAndroidPermission: UAndroidPermissionCallbackProxy::GetInstance
[2018.05.26-14.18.00:988][  0]LogOcInput: OculusInput pre-init called
[2018.05.26-14.18.01:878][  0]LogEngine: Initializing Engine...
[2018.05.26-14.18.02:065][  0]LogHMD: Failed to initialize OpenVR with code 126
[2018.05.26-14.18.02:066][  0]LogStats: UGameplayTagsManager::ConstructGameplayTagTree: Construct from data asset -  0.000 s
[2018.05.26-14.18.02:066][  0]LogStats: UGameplayTagsManager::ConstructGameplayTagTree: GameplayTagTreeChangedEvent.Broadcast -  0.000 s
[2018.05.26-14.18.04:836][  0]LogAIModule: Creating AISystem for world Untitled
[2018.05.26-14.18.04:847][  0]LogInit: XAudio2 using 'Speakers (Realtek High Definition Audio)' : 2 channels at 48 kHz using 32 bits per sample (channel mask 0x3)
[2018.05.26-14.18.04:865][  0]LogInit: FAudioDevice initialized.
[2018.05.26-14.18.05:011][  0]LogDerivedDataCache: Saved boot cache 0.15s 74MB C:/Users/Ryan/AppData/Local/UnrealEngine/4.19/DerivedDataCache/Boot.ddc.
[2018.05.26-14.18.05:015][  0]LogInit: Texture streaming: Enabled
[2018.05.26-14.18.05:067][  0]LogEngineSessionManager: EngineSessionManager initialized
[2018.05.26-14.18.05:129][  0]LogInit: Transaction tracking system initialized
[2018.05.26-14.18.05:269][  0]BlueprintLog: New page: Editor Load
[2018.05.26-14.18.05:638][  0]LocalizationService: Localization service is disabled
[2018.05.26-14.18.06:038][  0]LogConsoleResponse: Display: 
[2018.05.26-14.18.07:551][  0]LogCook: Display: Max memory allowance for cook 16384mb min free memory 0mb
[2018.05.26-14.18.07:551][  0]LogCook: Display: Mobile HDR setting 1
[2018.05.26-14.18.07:551][  0]LogGameplayTags: Display: UGameplayTagsManager::DoneAddingNativeTags. DelegateIsBound: 0
[2018.05.26-14.18.07:551][  0]LogStats: UGameplayTagsManager::ConstructGameplayTagTree: Construct from data asset -  0.000 s
[2018.05.26-14.18.07:551][  0]LogStats: UGameplayTagsManager::ConstructGameplayTagTree: GameplayTagTreeChangedEvent.Broadcast -  0.000 s
[2018.05.26-14.18.08:510][  0]LogFileCache: Scanning file cache for directory 'C:/Users/Ryan/Documents/Indie Games/BossFight_Proto/Content/' took 0.01s
[2018.05.26-14.18.08:963][  0]SourceControl: Source control is disabled
[2018.05.26-14.18.08:963][  0]Cmd: MAP LOAD FILE="../../../../../../Users/Ryan/Documents/Indie Games/BossFight_Proto/Content/ThirdPersonBP/Maps/ThirdPersonExampleMap.umap" TEMPLATE=0 SHOWPROGRESS=1 FEATURELEVEL=3
[2018.05.26-14.18.08:964][  0]LightingResults: New page: Lighting Build
[2018.05.26-14.18.08:979][  0]MapCheck: New page: Map Check
[2018.05.26-14.18.08:979][  0]LightingResults: New page: Lighting Build
[2018.05.26-14.18.09:291][  0]LogUObjectGlobals: Created PersistentFrame Addr=0x0000028ca4f71dc0, Size=64, Default__ThirdPerson_AnimBP_C Function /Game/Mannequin/Animations/ThirdPerson_AnimBP.ThirdPerson_AnimBP_C:ExecuteUbergraph_ThirdPerson_AnimBP
[2018.05.26-14.18.09:401][  0]LogUObjectGlobals: Destroyed PersistentFrame Addr=0x0000028ca4f71dc0, Size=64
[2018.05.26-14.18.09:401][  0]LogUObjectGlobals: Created PersistentFrame Addr=0x0000028ca4f71f00, Size=64, Default__ThirdPerson_AnimBP_C Function /Engine/Transient.REINST_ThirdPerson_AnimBP_C_0:ExecuteUbergraph_ThirdPerson_AnimBP
[2018.05.26-14.18.09:442][  0]LogUObjectGlobals: Created PersistentFrame Addr=0x0000028c893f6930, Size=72, Default__ThirdPerson_AnimBP_C Function /Game/Mannequin/Animations/ThirdPerson_AnimBP.ThirdPerson_AnimBP_C:ExecuteUbergraph_ThirdPerson_AnimBP
[2018.05.26-14.18.09:842][  0]LogUObjectGlobals: Created PersistentFrame Addr=0x0000028c95e2a0c0, Size=296, Default__ThirdPersonCharacter_C Function /Game/ThirdPersonBP/Blueprints/ThirdPersonCharacter.ThirdPersonCharacter_C:ExecuteUbergraph_ThirdPersonCharacter
[2018.05.26-14.18.09:848][  0]LogUObjectGlobals: Destroyed PersistentFrame Addr=0x0000028c95e2a0c0, Size=296
[2018.05.26-14.18.09:848][  0]LogUObjectGlobals: Created PersistentFrame Addr=0x0000028c95e2a0c0, Size=296, Default__ThirdPersonCharacter_C Function /Engine/Transient.REINST_ThirdPersonCharacter_C_4:ExecuteUbergraph_ThirdPersonCharacter
[2018.05.26-14.18.09:879][  0]LogUObjectGlobals: Created PersistentFrame Addr=0x0000028c95e28900, Size=296, Default__ThirdPersonCharacter_C Function /Game/ThirdPersonBP/Blueprints/ThirdPersonCharacter.ThirdPersonCharacter_C:ExecuteUbergraph_ThirdPersonCharacter
[2018.05.26-14.18.10:780][  0]LogSkeletalMesh: Skeletal Mesh found in DDC [38.023811ms] /Game/Mannequin/Character/Mesh/SK_Mannequin.SK_Mannequin
[2018.05.26-14.18.13:487][  0]LogAIModule: Creating AISystem for world ThirdPersonExampleMap
[2018.05.26-14.18.13:586][  0]LogEditorServer: Finished looking for orphan Actors (0.000 secs)
[2018.05.26-14.18.13:600][  0]LogUObjectGlobals: Destroyed PersistentFrame Addr=0x0000028ca4f71f00, Size=64
[2018.05.26-14.18.13:600][  0]LogUObjectGlobals: Destroyed PersistentFrame Addr=0x0000028c95e2a0c0, Size=296
[2018.05.26-14.18.13:601][  0]Cmd: MAP CHECKDEP NOCLEARLOG
[2018.05.26-14.18.13:721][  0]MapCheck: Map check complete: 0 Error(s), 0 Warning(s), took 120.309ms to complete.
[2018.05.26-14.18.13:722][  0]LogFileHelpers: Loading map 'ThirdPersonExampleMap' took 4.758
[2018.05.26-14.18.13:950][  0]LogCollectionManager: Loaded 0 collections in 0.001867 seconds
[2018.05.26-14.18.14:007][  0]LogFileCache: Scanning file cache for directory 'C:/Users/Ryan/Documents/Indie Games/BossFight_Proto/Saved/Collections/' took 0.01s
[2018.05.26-14.18.14:008][  0]LogFileCache: Scanning file cache for directory 'C:/Users/Ryan/Documents/Indie Games/BossFight_Proto/Content/Developers/Ryan/Collections/' took 0.01s
[2018.05.26-14.18.14:008][  0]LogFileCache: Scanning file cache for directory 'C:/Users/Ryan/Documents/Indie Games/BossFight_Proto/Content/Collections/' took 0.01s
[2018.05.26-14.18.14:008][  0]LogCollectionManager: Rebuilt the GUID cache for 0 collections in 0.000000 seconds
[2018.05.26-14.18.14:016][  0]LogContentBrowser: Native class hierarchy populated in 0.0085 seconds. Added 2466 classes and 564 folders.
[2018.05.26-14.18.14:067][  0]LogContentBrowser: Native class hierarchy updated for 'WidgetCarousel' in 0.0002 seconds. Added 0 classes and 0 folders.
[2018.05.26-14.18.15:271][  0]LogContentBrowser: Native class hierarchy updated for 'AddContentDialog' in 0.0003 seconds. Added 0 classes and 0 folders.
[2018.05.26-14.18.15:295][  0]LogContentBrowser: Native class hierarchy updated for 'SceneOutliner' in 0.0003 seconds. Added 1 classes and 2 folders.
[2018.05.26-14.18.15:393][  0]LogSlate: Took 0.019220 seconds to synchronously load lazily loaded font '../../../Engine/Content/Slate/Fonts/Roboto-Regular.ttf' (155K)
[2018.05.26-14.18.15:405][  0]LogSlate: Took 0.010038 seconds to synchronously load lazily loaded font '../../../Engine/Content/Slate/Fonts/Roboto-Bold.ttf' (160K)
[2018.05.26-14.18.15:425][  0]LogSlate: Took 0.014919 seconds to synchronously load lazily loaded font '../../../Engine/Content/Editor/Slate/Fonts/FontAwesome.ttf' (139K)
[2018.05.26-14.18.15:628][  0]LogRenderer: Reallocating scene render targets to support 1208x576 Format 10 NumSamples 1 (Frame:1).
[2018.05.26-14.18.15:814][  0]LogContentBrowser: Native class hierarchy updated for 'HierarchicalLODOutliner' in 0.0002 seconds. Added 0 classes and 0 folders.
[2018.05.26-14.18.15:814][  0]LogLoad: (Engine Initialization) Total time: 62.97 seconds
[2018.05.26-14.18.15:814][  0]LogLoad: (Engine Initialization) Total Blueprint compile time: 0.00 seconds
[2018.05.26-14.18.15:823][  0]LogWindowsTextInputMethodSystem: Display: IME system now deactivated.
[2018.05.26-14.18.15:846][  0]LogContentStreaming: Texture pool size now 1000 MB
[2018.05.26-14.18.15:949][  0]LogSlate: Took 0.015076 seconds to synchronously load lazily loaded font '../../../Engine/Content/Slate/Fonts/Roboto-Light.ttf' (167K)
[2018.05.26-14.18.15:953][  1]LogSubstanceLiveLink: Warning: Unable to send data along socket, closing connection
[2018.05.26-14.18.15:986][  1]LogAssetRegistry: Asset discovery search completed in 42.5413 seconds
[2018.05.26-14.18.15:988][  1]LogCollectionManager: Rebuilt the object cache for 0 collections in 0.000001 seconds (found 0 objects)
[2018.05.26-14.18.15:988][  1]LogCollectionManager: Fixed up redirectors for 0 collections in 0.000091 seconds (updated 0 objects)
[2018.05.26-14.18.27:260][321]LogSlate: FSceneViewport::OnFocusLost() reason 0
[2018.05.26-14.18.30:305][627]Cmd: BRUSH ADD SELECTNEWBRUSH
[2018.05.26-14.18.48:909][229]Cmd: CAMERA ALIGN ACTIVEVIEWPORTONLY
[2018.05.26-14.18.58:789][259]Cmd: EDIT COPY
[2018.05.26-14.18.58:994][282]Cmd: EDIT PASTE
[2018.05.26-14.19.01:909][460]Cmd: EDIT COPY
[2018.05.26-14.19.01:942][462]Cmd: EDIT PASTE
[2018.05.26-14.19.16:531][846]LogEditorViewport: Clicking on Actor (LMB): ThirdPersonCharacter_C (ThirdPersonCharacter)
[2018.05.26-14.19.52:776][540]LogSlate: FSceneViewport::OnFocusLost() reason 0
[2018.05.26-14.19.52:834][547]LogTemp: Repeating last play command: Selected Viewport
[2018.05.26-14.19.52:846][547]LogBlueprintUserMessages: Early PlayInEditor Detection: Level '/Game/ThirdPersonBP/Maps/ThirdPersonExampleMap.ThirdPersonExampleMap:PersistentLevel' has LevelScriptBlueprint '/Game/ThirdPersonBP/Maps/ThirdPersonExampleMap.ThirdPersonExampleMap:PersistentLevel.ThirdPersonExampleMap' with GeneratedClass '/Game/ThirdPersonBP/Maps/ThirdPersonExampleMap.ThirdPersonExampleMap_C' with ClassGeneratedBy '/Game/ThirdPersonBP/Maps/ThirdPersonExampleMap.ThirdPersonExampleMap:PersistentLevel.ThirdPersonExampleMap'
[2018.05.26-14.19.52:847][547]LogPlayLevel: PlayLevel: No blueprints needed recompiling
[2018.05.26-14.19.52:902][547]PIE: New page: PIE session: ThirdPersonExampleMap (26 May 2018 16:19:52)
[2018.05.26-14.19.52:902][547]LogPlayLevel: Creating play world package: /Game/ThirdPersonBP/Maps/UEDPIE_0_ThirdPersonExampleMap
[2018.05.26-14.19.53:031][547]LogPlayLevel: PIE: StaticDuplicateObject took: (0.128753s)
[2018.05.26-14.19.53:032][547]LogAIModule: Creating AISystem for world ThirdPersonExampleMap
[2018.05.26-14.19.53:032][547]LogPlayLevel: PIE: World Init took: (0.000885s)
[2018.05.26-14.19.53:032][547]LogPlayLevel: PIE: Created PIE world by copying editor world from /Game/ThirdPersonBP/Maps/ThirdPersonExampleMap.ThirdPersonExampleMap to /Game/ThirdPersonBP/Maps/UEDPIE_0_ThirdPersonExampleMap.ThirdPersonExampleMap (0.129866s)
[2018.05.26-14.19.53:081][547]LogInit: XAudio2 using 'Speakers (Realtek High Definition Audio)' : 2 channels at 48 kHz using 32 bits per sample (channel mask 0x3)
[2018.05.26-14.19.53:094][547]LogInit: FAudioDevice initialized.
[2018.05.26-14.19.53:188][547]LogLoad: Game class is 'ThirdPersonGameMode_C'
[2018.05.26-14.19.53:210][547]LogWorld: Bringing World /Game/ThirdPersonBP/Maps/UEDPIE_0_ThirdPersonExampleMap.ThirdPersonExampleMap up for play (max tick rate 0) at 2018.05.26-15.19.53
[2018.05.26-14.19.53:211][547]LogWorld: Bringing up level for play took: 0.004294
[2018.05.26-14.19.53:249][547]LogContentBrowser: Native class hierarchy updated for 'MovieSceneCapture' in 0.0004 seconds. Added 11 classes and 0 folders.
[2018.05.26-14.19.53:249][547]PIE: Play in editor start time for /Game/ThirdPersonBP/Maps/UEDPIE_0_ThirdPersonExampleMap 0.074
[2018.05.26-14.19.53:250][547]LogBlueprintUserMessages: Late PlayInEditor Detection: Level '/Game/ThirdPersonBP/Maps/ThirdPersonExampleMap.ThirdPersonExampleMap:PersistentLevel' has LevelScriptBlueprint '/Game/ThirdPersonBP/Maps/ThirdPersonExampleMap.ThirdPersonExampleMap:PersistentLevel.ThirdPersonExampleMap' with GeneratedClass '/Game/ThirdPersonBP/Maps/ThirdPersonExampleMap.ThirdPersonExampleMap_C' with ClassGeneratedBy '/Game/ThirdPersonBP/Maps/ThirdPersonExampleMap.ThirdPersonExampleMap:PersistentLevel.ThirdPersonExampleMap'
[2018.05.26-14.19.58:237][138]LogBlueprintUserMessages: Early EndPlayMap Detection: Level '/Game/ThirdPersonBP/Maps/ThirdPersonExampleMap.ThirdPersonExampleMap:PersistentLevel' has LevelScriptBlueprint '/Game/ThirdPersonBP/Maps/ThirdPersonExampleMap.ThirdPersonExampleMap:PersistentLevel.ThirdPersonExampleMap' with GeneratedClass '/Game/ThirdPersonBP/Maps/ThirdPersonExampleMap.ThirdPersonExampleMap_C' with ClassGeneratedBy '/Game/ThirdPersonBP/Maps/ThirdPersonExampleMap.ThirdPersonExampleMap:PersistentLevel.ThirdPersonExampleMap'
[2018.05.26-14.19.58:328][138]LogBlueprintUserMessages: Late EndPlayMap Detection: Level '/Game/ThirdPersonBP/Maps/ThirdPersonExampleMap.ThirdPersonExampleMap:PersistentLevel' has LevelScriptBlueprint '/Game/ThirdPersonBP/Maps/ThirdPersonExampleMap.ThirdPersonExampleMap:PersistentLevel.ThirdPersonExampleMap' with GeneratedClass '/Game/ThirdPersonBP/Maps/ThirdPersonExampleMap.ThirdPersonExampleMap_C' with ClassGeneratedBy '/Game/ThirdPersonBP/Maps/ThirdPersonExampleMap.ThirdPersonExampleMap:PersistentLevel.ThirdPersonExampleMap'
[2018.05.26-14.20.07:405][ 83]LogSlate: FSceneViewport::OnFocusLost() reason 0
[2018.05.26-14.20.07:457][ 87]LogTemp: Repeating last play command: Selected Viewport
[2018.05.26-14.20.07:468][ 87]LogBlueprintUserMessages: Early PlayInEditor Detection: Level '/Game/ThirdPersonBP/Maps/ThirdPersonExampleMap.ThirdPersonExampleMap:PersistentLevel' has LevelScriptBlueprint '/Game/ThirdPersonBP/Maps/ThirdPersonExampleMap.ThirdPersonExampleMap:PersistentLevel.ThirdPersonExampleMap' with GeneratedClass '/Game/ThirdPersonBP/Maps/ThirdPersonExampleMap.ThirdPersonExampleMap_C' with ClassGeneratedBy '/Game/ThirdPersonBP/Maps/ThirdPersonExampleMap.ThirdPersonExampleMap:PersistentLevel.ThirdPersonExampleMap'
[2018.05.26-14.20.07:468][ 87]LogPlayLevel: PlayLevel: No blueprints needed recompiling
[2018.05.26-14.20.07:469][ 87]PIE: New page: PIE session: ThirdPersonExampleMap (26 May 2018 16:20:07)
[2018.05.26-14.20.07:469][ 87]LogPlayLevel: Creating play world package: /Game/ThirdPersonBP/Maps/UEDPIE_0_ThirdPersonExampleMap
[2018.05.26-14.20.07:585][ 87]LogPlayLevel: PIE: StaticDuplicateObject took: (0.115821s)
[2018.05.26-14.20.07:585][ 87]LogAIModule: Creating AISystem for world ThirdPersonExampleMap
[2018.05.26-14.20.07:585][ 87]LogPlayLevel: PIE: World Init took: (0.000711s)
[2018.05.26-14.20.07:586][ 87]LogPlayLevel: PIE: Created PIE world by copying editor world from /Game/ThirdPersonBP/Maps/ThirdPersonExampleMap.ThirdPersonExampleMap to /Game/ThirdPersonBP/Maps/UEDPIE_0_ThirdPersonExampleMap.ThirdPersonExampleMap (0.116715s)
[2018.05.26-14.20.07:603][ 87]LogInit: XAudio2 using 'Speakers (Realtek High Definition Audio)' : 2 channels at 48 kHz using 32 bits per sample (channel mask 0x3)
[2018.05.26-14.20.07:617][ 87]LogInit: FAudioDevice initialized.
[2018.05.26-14.20.07:649][ 87]LogLoad: Game class is 'ThirdPersonGameMode_C'
[2018.05.26-14.20.07:653][ 87]LogWorld: Bringing World /Game/ThirdPersonBP/Maps/UEDPIE_0_ThirdPersonExampleMap.ThirdPersonExampleMap up for play (max tick rate 0) at 2018.05.26-15.20.07
[2018.05.26-14.20.07:654][ 87]LogWorld: Bringing up level for play took: 0.004004
[2018.05.26-14.20.07:655][ 87]PIE: Play in editor start time for /Game/ThirdPersonBP/Maps/UEDPIE_0_ThirdPersonExampleMap 0.48
[2018.05.26-14.20.07:655][ 87]LogBlueprintUserMessages: Late PlayInEditor Detection: Level '/Game/ThirdPersonBP/Maps/ThirdPersonExampleMap.ThirdPersonExampleMap:PersistentLevel' has LevelScriptBlueprint '/Game/ThirdPersonBP/Maps/ThirdPersonExampleMap.ThirdPersonExampleMap:PersistentLevel.ThirdPersonExampleMap' with GeneratedClass '/Game/ThirdPersonBP/Maps/ThirdPersonExampleMap.ThirdPersonExampleMap_C' with ClassGeneratedBy '/Game/ThirdPersonBP/Maps/ThirdPersonExampleMap.ThirdPersonExampleMap:PersistentLevel.ThirdPersonExampleMap'
[2018.05.26-14.20.18:960][418]LogBlueprintUserMessages: Early EndPlayMap Detection: Level '/Game/ThirdPersonBP/Maps/ThirdPersonExampleMap.ThirdPersonExampleMap:PersistentLevel' has LevelScriptBlueprint '/Game/ThirdPersonBP/Maps/ThirdPersonExampleMap.ThirdPersonExampleMap:PersistentLevel.ThirdPersonExampleMap' with GeneratedClass '/Game/ThirdPersonBP/Maps/ThirdPersonExampleMap.ThirdPersonExampleMap_C' with ClassGeneratedBy '/Game/ThirdPersonBP/Maps/ThirdPersonExampleMap.ThirdPersonExampleMap:PersistentLevel.ThirdPersonExampleMap'
[2018.05.26-14.20.18:993][418]LogBlueprintUserMessages: Late EndPlayMap Detection: Level '/Game/ThirdPersonBP/Maps/ThirdPersonExampleMap.ThirdPersonExampleMap:PersistentLevel' has LevelScriptBlueprint '/Game/ThirdPersonBP/Maps/ThirdPersonExampleMap.ThirdPersonExampleMap:PersistentLevel.ThirdPersonExampleMap' with GeneratedClass '/Game/ThirdPersonBP/Maps/ThirdPersonExampleMap.ThirdPersonExampleMap_C' with ClassGeneratedBy '/Game/ThirdPersonBP/Maps/ThirdPersonExampleMap.ThirdPersonExampleMap:PersistentLevel.ThirdPersonExampleMap'
[2018.05.26-14.20.45:480][318]Cmd: EDIT COPY
[2018.05.26-14.20.45:695][341]Cmd: EDIT PASTE
[2018.05.26-14.20.53:787][196]LogEditorViewport: Clicking on Actor (LMB): Brush (Box Brush26)
[2018.05.26-14.20.54:396][263]Cmd: EDIT COPY
[2018.05.26-14.20.54:588][285]Cmd: EDIT PASTE
[2018.05.26-14.20.59:166][778]LogSlate: FSceneViewport::OnFocusLost() reason 0
[2018.05.26-14.21.01:833][ 86]LogSlate: FSceneViewport::OnFocusLost() reason 0
[2018.05.26-14.21.02:108][119]LogTemp: Repeating last play command: Selected Viewport
[2018.05.26-14.21.02:121][119]LogBlueprintUserMessages: Early PlayInEditor Detection: Level '/Game/ThirdPersonBP/Maps/ThirdPersonExampleMap.ThirdPersonExampleMap:PersistentLevel' has LevelScriptBlueprint '/Game/ThirdPersonBP/Maps/ThirdPersonExampleMap.ThirdPersonExampleMap:PersistentLevel.ThirdPersonExampleMap' with GeneratedClass '/Game/ThirdPersonBP/Maps/ThirdPersonExampleMap.ThirdPersonExampleMap_C' with ClassGeneratedBy '/Game/ThirdPersonBP/Maps/ThirdPersonExampleMap.ThirdPersonExampleMap:PersistentLevel.ThirdPersonExampleMap'
[2018.05.26-14.21.02:121][119]LogPlayLevel: PlayLevel: No blueprints needed recompiling
[2018.05.26-14.21.02:121][119]PIE: New page: PIE session: ThirdPersonExampleMap (26 May 2018 16:21:02)
[2018.05.26-14.21.02:121][119]LogPlayLevel: Creating play world package: /Game/ThirdPersonBP/Maps/UEDPIE_0_ThirdPersonExampleMap
[2018.05.26-14.21.02:237][119]LogPlayLevel: PIE: StaticDuplicateObject took: (0.117064s)
[2018.05.26-14.21.02:238][119]LogAIModule: Creating AISystem for world ThirdPersonExampleMap
[2018.05.26-14.21.02:238][119]LogPlayLevel: PIE: World Init took: (0.000786s)
[2018.05.26-14.21.02:238][119]LogPlayLevel: PIE: Created PIE world by copying editor world from /Game/ThirdPersonBP/Maps/ThirdPersonExampleMap.ThirdPersonExampleMap to /Game/ThirdPersonBP/Maps/UEDPIE_0_ThirdPersonExampleMap.ThirdPersonExampleMap (0.118047s)
[2018.05.26-14.21.02:259][119]LogInit: XAudio2 using 'Speakers (Realtek High Definition Audio)' : 2 channels at 48 kHz using 32 bits per sample (channel mask 0x3)
[2018.05.26-14.21.02:272][119]LogInit: FAudioDevice initialized.
[2018.05.26-14.21.02:304][119]LogLoad: Game class is 'ThirdPersonGameMode_C'
[2018.05.26-14.21.02:308][119]LogWorld: Bringing World /Game/ThirdPersonBP/Maps/UEDPIE_0_ThirdPersonExampleMap.ThirdPersonExampleMap up for play (max tick rate 0) at 2018.05.26-15.21.02
[2018.05.26-14.21.02:308][119]LogWorld: Bringing up level for play took: 0.003658
[2018.05.26-14.21.02:309][119]PIE: Play in editor start time for /Game/ThirdPersonBP/Maps/UEDPIE_0_ThirdPersonExampleMap 1.134
[2018.05.26-14.21.02:318][119]LogBlueprintUserMessages: Late PlayInEditor Detection: Level '/Game/ThirdPersonBP/Maps/ThirdPersonExampleMap.ThirdPersonExampleMap:PersistentLevel' has LevelScriptBlueprint '/Game/ThirdPersonBP/Maps/ThirdPersonExampleMap.ThirdPersonExampleMap:PersistentLevel.ThirdPersonExampleMap' with GeneratedClass '/Game/ThirdPersonBP/Maps/ThirdPersonExampleMap.ThirdPersonExampleMap_C' with ClassGeneratedBy '/Game/ThirdPersonBP/Maps/ThirdPersonExampleMap.ThirdPersonExampleMap:PersistentLevel.ThirdPersonExampleMap'
[2018.05.26-14.21.08:817][892]LogBlueprintUserMessages: Early EndPlayMap Detection: Level '/Game/ThirdPersonBP/Maps/ThirdPersonExampleMap.ThirdPersonExampleMap:PersistentLevel' has LevelScriptBlueprint '/Game/ThirdPersonBP/Maps/ThirdPersonExampleMap.ThirdPersonExampleMap:PersistentLevel.ThirdPersonExampleMap' with GeneratedClass '/Game/ThirdPersonBP/Maps/ThirdPersonExampleMap.ThirdPersonExampleMap_C' with ClassGeneratedBy '/Game/ThirdPersonBP/Maps/ThirdPersonExampleMap.ThirdPersonExampleMap:PersistentLevel.ThirdPersonExampleMap'
[2018.05.26-14.21.08:892][892]LogBlueprintUserMessages: Late EndPlayMap Detection: Level '/Game/ThirdPersonBP/Maps/ThirdPersonExampleMap.ThirdPersonExampleMap:PersistentLevel' has LevelScriptBlueprint '/Game/ThirdPersonBP/Maps/ThirdPersonExampleMap.ThirdPersonExampleMap:PersistentLevel.ThirdPersonExampleMap' with GeneratedClass '/Game/ThirdPersonBP/Maps/ThirdPersonExampleMap.ThirdPersonExampleMap_C' with ClassGeneratedBy '/Game/ThirdPersonBP/Maps/ThirdPersonExampleMap.ThirdPersonExampleMap:PersistentLevel.ThirdPersonExampleMap'
[2018.05.26-14.21.18:716][ 42]LogSlate: FSceneViewport::OnFocusLost() reason 0
[2018.05.26-14.21.19:481][119]LogActorFactory: Actor Factory created 1M_Cube_Chamfer
[2018.05.26-14.21.19:925][164]LogActorFactory: Actor Factory created 1M_Cube_Chamfer
[2018.05.26-14.21.20:889][268]Cmd: CAMERA ALIGN ACTIVEVIEWPORTONLY
[2018.05.26-14.21.25:823][790]Cmd: DELETE
[2018.05.26-14.21.25:823][790]Cmd: ACTOR DELETE
[2018.05.26-14.21.25:889][790]LogEditorActor: Deleted Actor: StaticMeshActor
[2018.05.26-14.21.25:900][790]LogEditorActor: Deleted 1 Actors (0.076 secs)
[2018.05.26-14.21.36:690][896]LogSlate: FSceneViewport::OnFocusLost() reason 0
[2018.05.26-14.21.39:045][153]Cmd: BRUSH ADD SELECTNEWBRUSH
[2018.05.26-14.21.39:922][229]Cmd: DELETE
[2018.05.26-14.21.39:922][229]Cmd: ACTOR DELETE
[2018.05.26-14.21.39:949][229]LogEditorActor: Deleted Actor: Brush
[2018.05.26-14.21.40:116][229]LogEditorActor: Deleted 1 Actors (0.193 secs)
[2018.05.26-14.21.40:978][328]LogSlate: FSceneViewport::OnFocusLost() reason 0
[2018.05.26-14.21.41:823][405]Cmd: BRUSH ADD SELECTNEWBRUSH
[2018.05.26-14.22.18:458][480]LogSlate: FSceneViewport::OnFocusLost() reason 0
[2018.05.26-14.22.19:584][584]Cmd: BRUSH ADD SELECTNEWBRUSH
[2018.05.26-14.22.23:820][ 26]Cmd: DELETE
[2018.05.26-14.22.23:820][ 26]Cmd: ACTOR DELETE
[2018.05.26-14.22.23:851][ 26]LogEditorActor: Deleted Actor: Brush
[2018.05.26-14.22.23:993][ 26]LogEditorActor: Deleted 1 Actors (0.173 secs)
[2018.05.26-14.22.25:445][193]LogSlate: FSceneViewport::OnFocusLost() reason 0
[2018.05.26-14.22.27:769][450]Cmd: BRUSH ADD SELECTNEWBRUSH
[2018.05.26-14.22.39:558][722]Cmd: EDIT COPY
[2018.05.26-14.22.39:714][736]Cmd: EDIT PASTE
[2018.05.26-14.22.55:216][337]Cmd: EDIT COPY
[2018.05.26-14.22.55:524][372]Cmd: EDIT PASTE
[2018.05.26-14.23.05:670][468]Cmd: EDIT COPY
[2018.05.26-14.23.05:894][492]Cmd: EDIT PASTE
[2018.05.26-14.23.43:505][521]LogSlate: FSceneViewport::OnFocusLost() reason 0
[2018.05.26-14.23.46:616][836]Cmd: BRUSH ADD SELECTNEWBRUSH
[2018.05.26-14.23.59:805][228]Cmd: EDIT COPY
[2018.05.26-14.23.59:969][245]Cmd: EDIT PASTE
[2018.05.26-14.24.23:184][819]Cmd: EDIT COPY
[2018.05.26-14.24.23:363][836]Cmd: EDIT PASTE
[2018.05.26-14.24.32:473][815]LogSlate: FSceneViewport::OnFocusLost() reason 0
[2018.05.26-14.24.43:424][968]Cmd: EDIT COPY
[2018.05.26-14.24.43:585][986]Cmd: EDIT PASTE
[2018.05.26-14.25.04:878][256]Cmd: SELECT NONE
[2018.05.26-14.25.08:779][677]LogSlate: FSceneViewport::OnFocusLost() reason 0
[2018.05.26-14.25.09:734][778]Cmd: MODE GRID=0
[2018.05.26-14.25.35:326][645]Cmd: SELECT NONE
[2018.05.26-14.25.43:693][582]LogSlate: FSceneViewport::OnFocusLost() reason 0
[2018.05.26-14.25.43:759][590]Cmd: MODE GRID=1
[2018.05.26-14.25.44:527][672]Cmd: EDIT COPY
[2018.05.26-14.25.44:744][696]Cmd: EDIT PASTE
[2018.05.26-14.26.02:534][601]Cmd: CAMERA ALIGN ACTIVEVIEWPORTONLY
[2018.05.26-14.26.31:589][756]LogSlate: FSceneViewport::OnFocusLost() reason 0
[2018.05.26-14.26.31:666][765]Cmd: MODE GRID=0
[2018.05.26-14.26.43:749][ 94]LogSlate: FSceneViewport::OnFocusLost() reason 0
[2018.05.26-14.26.43:885][110]Cmd: MODE GRID=1
[2018.05.26-14.26.48:055][512]Cmd: EDIT COPY
[2018.05.26-14.26.48:297][537]Cmd: EDIT PASTE
[2018.05.26-14.27.54:854][770]Cmd: EDIT COPY
[2018.05.26-14.27.55:051][789]Cmd: EDIT PASTE
[2018.05.26-14.28.58:584][617]LogEditorViewport: Clicking on Actor (LMB): Brush (Box Brush35)
[2018.05.26-14.29.00:847][844]Cmd: EDIT COPY
[2018.05.26-14.29.01:074][866]Cmd: EDIT PASTE
[2018.05.26-14.29.37:617][177]LogSlate: FSceneViewport::OnFocusLost() reason 0
[2018.05.26-14.29.37:680][184]Cmd: MODE GRID=0
[2018.05.26-14.29.50:775][493]Cmd: EDIT COPY
[2018.05.26-14.29.50:928][508]Cmd: EDIT PASTE
[2018.05.26-14.29.56:491][ 22]LogSlate: FSceneViewport::OnFocusLost() reason 0
[2018.05.26-14.29.56:545][ 28]Cmd: MODE GRID=1
[2018.05.26-14.30.28:834][314]LogSlate: FSceneViewport::OnFocusLost() reason 0
[2018.05.26-14.30.28:877][318]LogTemp: Repeating last play command: Selected Viewport
[2018.05.26-14.30.28:892][318]LogBlueprintUserMessages: Early PlayInEditor Detection: Level '/Game/ThirdPersonBP/Maps/ThirdPersonExampleMap.ThirdPersonExampleMap:PersistentLevel' has LevelScriptBlueprint '/Game/ThirdPersonBP/Maps/ThirdPersonExampleMap.ThirdPersonExampleMap:PersistentLevel.ThirdPersonExampleMap' with GeneratedClass '/Game/ThirdPersonBP/Maps/ThirdPersonExampleMap.ThirdPersonExampleMap_C' with ClassGeneratedBy '/Game/ThirdPersonBP/Maps/ThirdPersonExampleMap.ThirdPersonExampleMap:PersistentLevel.ThirdPersonExampleMap'
[2018.05.26-14.30.28:892][318]LogPlayLevel: PlayLevel: No blueprints needed recompiling
[2018.05.26-14.30.28:892][318]PIE: New page: PIE session: ThirdPersonExampleMap (26 May 2018 16:30:28)
[2018.05.26-14.30.28:892][318]LogPlayLevel: Creating play world package: /Game/ThirdPersonBP/Maps/UEDPIE_0_ThirdPersonExampleMap
[2018.05.26-14.30.29:094][318]LogPlayLevel: PIE: StaticDuplicateObject took: (0.201068s)
[2018.05.26-14.30.29:095][318]LogAIModule: Creating AISystem for world ThirdPersonExampleMap
[2018.05.26-14.30.29:095][318]LogPlayLevel: PIE: World Init took: (0.000899s)
[2018.05.26-14.30.29:095][318]LogPlayLevel: PIE: Created PIE world by copying editor world from /Game/ThirdPersonBP/Maps/ThirdPersonExampleMap.ThirdPersonExampleMap to /Game/ThirdPersonBP/Maps/UEDPIE_0_ThirdPersonExampleMap.ThirdPersonExampleMap (0.202184s)
[2018.05.26-14.30.29:207][318]LogInit: XAudio2 using 'Speakers (Realtek High Definition Audio)' : 2 channels at 48 kHz using 32 bits per sample (channel mask 0x3)
[2018.05.26-14.30.29:224][318]LogInit: FAudioDevice initialized.
[2018.05.26-14.30.29:261][318]LogLoad: Game class is 'ThirdPersonGameMode_C'
[2018.05.26-14.30.29:277][318]LogWorld: Bringing World /Game/ThirdPersonBP/Maps/UEDPIE_0_ThirdPersonExampleMap.ThirdPersonExampleMap up for play (max tick rate 0) at 2018.05.26-15.30.29
[2018.05.26-14.30.29:278][318]LogWorld: Bringing up level for play took: 0.005501
[2018.05.26-14.30.29:279][318]PIE: Play in editor start time for /Game/ThirdPersonBP/Maps/UEDPIE_0_ThirdPersonExampleMap 0.104
[2018.05.26-14.30.29:279][318]LogBlueprintUserMessages: Late PlayInEditor Detection: Level '/Game/ThirdPersonBP/Maps/ThirdPersonExampleMap.ThirdPersonExampleMap:PersistentLevel' has LevelScriptBlueprint '/Game/ThirdPersonBP/Maps/ThirdPersonExampleMap.ThirdPersonExampleMap:PersistentLevel.ThirdPersonExampleMap' with GeneratedClass '/Game/ThirdPersonBP/Maps/ThirdPersonExampleMap.ThirdPersonExampleMap_C' with ClassGeneratedBy '/Game/ThirdPersonBP/Maps/ThirdPersonExampleMap.ThirdPersonExampleMap:PersistentLevel.ThirdPersonExampleMap'
[2018.05.26-14.30.30:409][445]LogBlueprintUserMessages: Early EndPlayMap Detection: Level '/Game/ThirdPersonBP/Maps/ThirdPersonExampleMap.ThirdPersonExampleMap:PersistentLevel' has LevelScriptBlueprint '/Game/ThirdPersonBP/Maps/ThirdPersonExampleMap.ThirdPersonExampleMap:PersistentLevel.ThirdPersonExampleMap' with GeneratedClass '/Game/ThirdPersonBP/Maps/ThirdPersonExampleMap.ThirdPersonExampleMap_C' with ClassGeneratedBy '/Game/ThirdPersonBP/Maps/ThirdPersonExampleMap.ThirdPersonExampleMap:PersistentLevel.ThirdPersonExampleMap'
[2018.05.26-14.30.30:445][445]LogBlueprintUserMessages: Late EndPlayMap Detection: Level '/Game/ThirdPersonBP/Maps/ThirdPersonExampleMap.ThirdPersonExampleMap:PersistentLevel' has LevelScriptBlueprint '/Game/ThirdPersonBP/Maps/ThirdPersonExampleMap.ThirdPersonExampleMap:PersistentLevel.ThirdPersonExampleMap' with GeneratedClass '/Game/ThirdPersonBP/Maps/ThirdPersonExampleMap.ThirdPersonExampleMap_C' with ClassGeneratedBy '/Game/ThirdPersonBP/Maps/ThirdPersonExampleMap.ThirdPersonExampleMap:PersistentLevel.ThirdPersonExampleMap'
[2018.05.26-14.30.34:125][833]LogEditorViewport: Clicking on Actor (LMB): ThirdPersonCharacter_C (ThirdPersonCharacter)
[2018.05.26-14.30.42:316][621]LogSlate: FSceneViewport::OnFocusLost() reason 0
[2018.05.26-14.30.42:392][629]LogTemp: Repeating last play command: Selected Viewport
[2018.05.26-14.30.42:404][629]LogBlueprintUserMessages: Early PlayInEditor Detection: Level '/Game/ThirdPersonBP/Maps/ThirdPersonExampleMap.ThirdPersonExampleMap:PersistentLevel' has LevelScriptBlueprint '/Game/ThirdPersonBP/Maps/ThirdPersonExampleMap.ThirdPersonExampleMap:PersistentLevel.ThirdPersonExampleMap' with GeneratedClass '/Game/ThirdPersonBP/Maps/ThirdPersonExampleMap.ThirdPersonExampleMap_C' with ClassGeneratedBy '/Game/ThirdPersonBP/Maps/ThirdPersonExampleMap.ThirdPersonExampleMap:PersistentLevel.ThirdPersonExampleMap'
[2018.05.26-14.30.42:404][629]LogPlayLevel: PlayLevel: No blueprints needed recompiling
[2018.05.26-14.30.42:404][629]PIE: New page: PIE session: ThirdPersonExampleMap (26 May 2018 16:30:42)
[2018.05.26-14.30.42:404][629]LogPlayLevel: Creating play world package: /Game/ThirdPersonBP/Maps/UEDPIE_0_ThirdPersonExampleMap
[2018.05.26-14.30.42:461][629]LogPlayLevel: PIE: StaticDuplicateObject took: (0.057224s)
[2018.05.26-14.30.42:461][629]LogAIModule: Creating AISystem for world ThirdPersonExampleMap
[2018.05.26-14.30.42:462][629]LogPlayLevel: PIE: World Init took: (0.000644s)
[2018.05.26-14.30.42:462][629]LogPlayLevel: PIE: Created PIE world by copying editor world from /Game/ThirdPersonBP/Maps/ThirdPersonExampleMap.ThirdPersonExampleMap to /Game/ThirdPersonBP/Maps/UEDPIE_0_ThirdPersonExampleMap.ThirdPersonExampleMap (0.058034s)
[2018.05.26-14.30.42:517][629]LogInit: XAudio2 using 'Speakers (Realtek High Definition Audio)' : 2 channels at 48 kHz using 32 bits per sample (channel mask 0x3)
[2018.05.26-14.30.42:531][629]LogInit: FAudioDevice initialized.
[2018.05.26-14.30.42:562][629]LogLoad: Game class is 'ThirdPersonGameMode_C'
[2018.05.26-14.30.42:567][629]LogWorld: Bringing World /Game/ThirdPersonBP/Maps/UEDPIE_0_ThirdPersonExampleMap.ThirdPersonExampleMap up for play (max tick rate 0) at 2018.05.26-15.30.42
[2018.05.26-14.30.42:568][629]LogWorld: Bringing up level for play took: 0.004613
[2018.05.26-14.30.42:569][629]PIE: Play in editor start time for /Game/ThirdPersonBP/Maps/UEDPIE_0_ThirdPersonExampleMap -0.606
[2018.05.26-14.30.42:569][629]LogBlueprintUserMessages: Late PlayInEditor Detection: Level '/Game/ThirdPersonBP/Maps/ThirdPersonExampleMap.ThirdPersonExampleMap:PersistentLevel' has LevelScriptBlueprint '/Game/ThirdPersonBP/Maps/ThirdPersonExampleMap.ThirdPersonExampleMap:PersistentLevel.ThirdPersonExampleMap' with GeneratedClass '/Game/ThirdPersonBP/Maps/ThirdPersonExampleMap.ThirdPersonExampleMap_C' with ClassGeneratedBy '/Game/ThirdPersonBP/Maps/ThirdPersonExampleMap.ThirdPersonExampleMap:PersistentLevel.ThirdPersonExampleMap'
[2018.05.26-14.31.17:585][621]LogBlueprintUserMessages: Early EndPlayMap Detection: Level '/Game/ThirdPersonBP/Maps/ThirdPersonExampleMap.ThirdPersonExampleMap:PersistentLevel' has LevelScriptBlueprint '/Game/ThirdPersonBP/Maps/ThirdPersonExampleMap.ThirdPersonExampleMap:PersistentLevel.ThirdPersonExampleMap' with GeneratedClass '/Game/ThirdPersonBP/Maps/ThirdPersonExampleMap.ThirdPersonExampleMap_C' with ClassGeneratedBy '/Game/ThirdPersonBP/Maps/ThirdPersonExampleMap.ThirdPersonExampleMap:PersistentLevel.ThirdPersonExampleMap'
[2018.05.26-14.31.17:619][621]LogBlueprintUserMessages: Late EndPlayMap Detection: Level '/Game/ThirdPersonBP/Maps/ThirdPersonExampleMap.ThirdPersonExampleMap:PersistentLevel' has LevelScriptBlueprint '/Game/ThirdPersonBP/Maps/ThirdPersonExampleMap.ThirdPersonExampleMap:PersistentLevel.ThirdPersonExampleMap' with GeneratedClass '/Game/ThirdPersonBP/Maps/ThirdPersonExampleMap.ThirdPersonExampleMap_C' with ClassGeneratedBy '/Game/ThirdPersonBP/Maps/ThirdPersonExampleMap.ThirdPersonExampleMap:PersistentLevel.ThirdPersonExampleMap'
[2018.05.26-14.31.45:380][707]LogSlate: FSceneViewport::OnFocusLost() reason 0
[2018.05.26-14.31.46:330][776]Cmd: BRUSH ADD SELECTNEWBRUSH
[2018.05.26-14.31.55:335][677]Cmd: CAMERA ALIGN ACTIVEVIEWPORTONLY
[2018.05.26-14.32.19:054][ 38]LogSlate: FSceneViewport::OnFocusLost() reason 0
[2018.05.26-14.32.20:189][125]Cmd: BRUSH ADD SELECTNEWBRUSH
[2018.05.26-14.32.27:319][809]LogSlate: FSceneViewport::OnFocusLost() reason 0
[2018.05.26-14.32.28:719][931]Cmd: BRUSH ADD SELECTNEWBRUSH
[2018.05.26-14.33.06:100][802]LogSlate: Took 0.001439 seconds to synchronously load lazily loaded font '../../../Engine/Content/Slate/Fonts/Roboto-Light.ttf' (167K)
[2018.05.26-14.33.15:043][723]LogSlate: FSceneViewport::OnFocusLost() reason 2
[2018.05.26-14.33.16:558][723]LogSavePackage: Save=1367.55ms
[2018.05.26-14.33.16:558][723]LogSavePackage: Moving '../../../../../../Users/Ryan/Documents/Indie Games/BossFight_Proto/Saved/ThirdPersonExampleMap_Auto1516786334324776ED4AD2B828750297C.tmp' to '../../../../../../Users/Ryan/Documents/Indie Games/BossFight_Proto/Saved/Autosaves/Game/ThirdPersonBP/Maps/ThirdPersonExampleMap_Auto1.umap'
[2018.05.26-14.33.16:573][723]LogSavePackage: Display: Finished SavePackage ../../../../../../Users/Ryan/Documents/Indie Games/BossFight_Proto/Saved/Autosaves/Game/ThirdPersonBP/Maps/ThirdPersonExampleMap_Auto1.umap
[2018.05.26-14.33.16:606][723]LogFileHelpers: Editor autosave (incl. sublevels) for '/Game/ThirdPersonBP/Maps/ThirdPersonExampleMap' took 1.548
[2018.05.26-14.33.16:606][723]LogFileHelpers: Editor autosave (incl. sublevels) for all levels took 1.548
[2018.05.26-14.33.40:648][204]LogSlate: FSceneViewport::OnFocusLost() reason 0
[2018.05.26-14.33.43:941][546]Cmd: ACTOR SELECT ALL
[2018.05.26-14.33.45:573][589]LogSlate: FSceneViewport::OnFocusLost() reason 0
[2018.05.26-14.33.47:734][664]Cmd: SELECT NONE
[2018.05.26-14.33.50:514][960]LogSlate: FSceneViewport::OnFocusLost() reason 0
[2018.05.26-14.34.08:542][948]LogSlate: FSceneViewport::OnFocusLost() reason 0
[2018.05.26-14.34.09:216][  2]Cmd: BRUSH ADD SELECTNEWBRUSH
[2018.05.26-14.34.22:412][369]LogSlate: FSceneViewport::OnFocusLost() reason 0
[2018.05.26-14.34.23:780][487]Cmd: BRUSH ADD SELECTNEWBRUSH
[2018.05.26-14.34.29:812][ 32]LogSlate: FSceneViewport::OnFocusLost() reason 0
[2018.05.26-14.34.33:254][340]Cmd: BRUSH ADD SELECTNEWBRUSH
[2018.05.26-14.34.43:986][381]Cmd: SELECT NONE
[2018.05.26-14.34.51:099][ 67]Cmd: SELECT NONE
[2018.05.26-14.35.00:243][ 25]Cmd: DELETE
[2018.05.26-14.35.00:243][ 25]Cmd: ACTOR DELETE
[2018.05.26-14.35.00:299][ 25]LogEditorActor: Deleted Actor: Brush
[2018.05.26-14.35.00:300][ 25]LogEditorActor: Deleted Actor: Brush
[2018.05.26-14.35.00:436][ 25]LogEditorActor: Deleted 2 Actors (0.193 secs)
[2018.05.26-14.35.07:945][842]LogSlate: FSceneViewport::OnFocusLost() reason 0
[2018.05.26-14.35.09:312][958]Cmd: BRUSH ADD SELECTNEWBRUSH
[2018.05.26-14.35.55:143][315]Cmd: EDIT COPY
[2018.05.26-14.35.55:363][334]Cmd: EDIT PASTE
[2018.05.26-14.36.17:201][296]Cmd: EDIT COPY
[2018.05.26-14.36.17:365][311]Cmd: EDIT PASTE
[2018.05.26-14.36.34:709][897]Cmd: EDIT COPY
[2018.05.26-14.36.34:906][915]Cmd: EDIT PASTE
[2018.05.26-14.37.02:040][421]Cmd: EDIT COPY
[2018.05.26-14.37.02:226][439]Cmd: EDIT PASTE
[2018.05.26-14.37.33:667][483]LogSlate: FSceneViewport::OnFocusLost() reason 0
[2018.05.26-14.37.35:394][623]Cmd: BRUSH ADD SELECTNEWBRUSH
[2018.05.26-14.39.21:557][793]Cmd: EDIT COPY
[2018.05.26-14.39.21:748][808]Cmd: EDIT PASTE
[2018.05.26-14.39.24:158][  4]Cmd: TRANSACTION UNDO
[2018.05.26-14.39.24:158][  4]LogEditorTransaction: Undo Paste
[2018.05.26-14.39.24:214][  4]LogActorComponent: ~FComponentReregisterContext: (/Game/ThirdPersonBP/Maps/ThirdPersonExampleMap.ThirdPersonExampleMap:PersistentLevel.BoxBrush16.BrushComponent0) Component already registered.
[2018.05.26-14.39.24:216][  4]LogActorComponent: ~FComponentReregisterContext: (/Game/ThirdPersonBP/Maps/ThirdPersonExampleMap.ThirdPersonExampleMap:PersistentLevel.LinearStairBrush15.BrushComponent0) Component already registered.
[2018.05.26-14.39.24:242][  4]LogActorComponent: ~FComponentReregisterContext: (/Game/ThirdPersonBP/Maps/ThirdPersonExampleMap.ThirdPersonExampleMap:PersistentLevel.BoxBrush39.BrushComponent0) Component already registered.
[2018.05.26-14.39.30:367][576]Cmd: EDIT COPY
[2018.05.26-14.39.30:575][593]Cmd: EDIT PASTE
[2018.05.26-14.39.39:489][374]Cmd: CAMERA ALIGN ACTIVEVIEWPORTONLY
[2018.05.26-14.39.59:949][245]LogEditorViewport: Clicking on Actor (LMB): Brush (Linear Stair Brush46)
[2018.05.26-14.40.04:010][638]Cmd: DELETE
[2018.05.26-14.40.04:010][638]Cmd: ACTOR DELETE
[2018.05.26-14.40.04:138][638]LogEditorActor: Deleted Actor: Brush
[2018.05.26-14.40.04:425][638]LogEditorActor: Deleted 1 Actors (0.416 secs)
[2018.05.26-14.40.10:375][229]LogEditorViewport: Clicking on Actor (LMB): Brush (Box Brush10)
[2018.05.26-14.40.11:170][308]Cmd: SELECT NONE
[2018.05.26-14.40.17:385][994]Cmd: ACTOR SELECT ALL
[2018.05.26-14.40.18:464][ 11]LogSlate: FSceneViewport::OnFocusLost() reason 0
[2018.05.26-14.40.20:015][ 46]Cmd: SELECT NONE
[2018.05.26-14.40.27:496][869]LogSlate: FSceneViewport::OnFocusLost() reason 0
[2018.05.26-14.40.29:220][ 28]Cmd: BRUSH ADD SELECTNEWBRUSH
[2018.05.26-14.40.51:352][177]LogEditorViewport: Clicking on Actor (LMB): ThirdPersonCharacter_C (ThirdPersonCharacter)
[2018.05.26-14.41.09:220][801]LogEditorViewport: Clicking on Actor (LMB): ThirdPersonCharacter_C (ThirdPersonCharacter)
[2018.05.26-14.41.12:763][125]LogSlate: FSceneViewport::OnFocusLost() reason 0
[2018.05.26-14.41.12:839][133]LogTemp: Repeating last play command: Selected Viewport
[2018.05.26-14.41.12:852][133]LogBlueprintUserMessages: Early PlayInEditor Detection: Level '/Game/ThirdPersonBP/Maps/ThirdPersonExampleMap.ThirdPersonExampleMap:PersistentLevel' has LevelScriptBlueprint '/Game/ThirdPersonBP/Maps/ThirdPersonExampleMap.ThirdPersonExampleMap:PersistentLevel.ThirdPersonExampleMap' with GeneratedClass '/Game/ThirdPersonBP/Maps/ThirdPersonExampleMap.ThirdPersonExampleMap_C' with ClassGeneratedBy '/Game/ThirdPersonBP/Maps/ThirdPersonExampleMap.ThirdPersonExampleMap:PersistentLevel.ThirdPersonExampleMap'
[2018.05.26-14.41.12:852][133]LogPlayLevel: PlayLevel: No blueprints needed recompiling
[2018.05.26-14.41.12:852][133]PIE: New page: PIE session: ThirdPersonExampleMap (26 May 2018 16:41:12)
[2018.05.26-14.41.12:852][133]LogPlayLevel: Creating play world package: /Game/ThirdPersonBP/Maps/UEDPIE_0_ThirdPersonExampleMap
[2018.05.26-14.41.13:221][133]LogPlayLevel: PIE: StaticDuplicateObject took: (0.368831s)
[2018.05.26-14.41.13:222][133]LogAIModule: Creating AISystem for world ThirdPersonExampleMap
[2018.05.26-14.41.13:222][133]LogPlayLevel: PIE: World Init took: (0.000902s)
[2018.05.26-14.41.13:223][133]LogPlayLevel: PIE: Created PIE world by copying editor world from /Game/ThirdPersonBP/Maps/ThirdPersonExampleMap.ThirdPersonExampleMap to /Game/ThirdPersonBP/Maps/UEDPIE_0_ThirdPersonExampleMap.ThirdPersonExampleMap (0.369935s)
[2018.05.26-14.41.13:282][133]LogInit: XAudio2 using 'Speakers (Realtek High Definition Audio)' : 2 channels at 48 kHz using 32 bits per sample (channel mask 0x3)
[2018.05.26-14.41.13:297][133]LogInit: FAudioDevice initialized.
[2018.05.26-14.41.13:326][133]LogLoad: Game class is 'ThirdPersonGameMode_C'
[2018.05.26-14.41.13:334][133]LogWorld: Bringing World /Game/ThirdPersonBP/Maps/UEDPIE_0_ThirdPersonExampleMap.ThirdPersonExampleMap up for play (max tick rate 0) at 2018.05.26-15.41.13
[2018.05.26-14.41.13:334][133]LogWorld: Bringing up level for play took: 0.006986
[2018.05.26-14.41.13:336][133]PIE: Play in editor start time for /Game/ThirdPersonBP/Maps/UEDPIE_0_ThirdPersonExampleMap 0.16
[2018.05.26-14.41.13:336][133]LogBlueprintUserMessages: Late PlayInEditor Detection: Level '/Game/ThirdPersonBP/Maps/ThirdPersonExampleMap.ThirdPersonExampleMap:PersistentLevel' has LevelScriptBlueprint '/Game/ThirdPersonBP/Maps/ThirdPersonExampleMap.ThirdPersonExampleMap:PersistentLevel.ThirdPersonExampleMap' with GeneratedClass '/Game/ThirdPersonBP/Maps/ThirdPersonExampleMap.ThirdPersonExampleMap_C' with ClassGeneratedBy '/Game/ThirdPersonBP/Maps/ThirdPersonExampleMap.ThirdPersonExampleMap:PersistentLevel.ThirdPersonExampleMap'
[2018.05.26-14.41.44:889][699]LogBlueprintUserMessages: Early EndPlayMap Detection: Level '/Game/ThirdPersonBP/Maps/ThirdPersonExampleMap.ThirdPersonExampleMap:PersistentLevel' has LevelScriptBlueprint '/Game/ThirdPersonBP/Maps/ThirdPersonExampleMap.ThirdPersonExampleMap:PersistentLevel.ThirdPersonExampleMap' with GeneratedClass '/Game/ThirdPersonBP/Maps/ThirdPersonExampleMap.ThirdPersonExampleMap_C' with ClassGeneratedBy '/Game/ThirdPersonBP/Maps/ThirdPersonExampleMap.ThirdPersonExampleMap:PersistentLevel.ThirdPersonExampleMap'
[2018.05.26-14.41.44:930][699]LogBlueprintUserMessages: Late EndPlayMap Detection: Level '/Game/ThirdPersonBP/Maps/ThirdPersonExampleMap.ThirdPersonExampleMap:PersistentLevel' has LevelScriptBlueprint '/Game/ThirdPersonBP/Maps/ThirdPersonExampleMap.ThirdPersonExampleMap:PersistentLevel.ThirdPersonExampleMap' with GeneratedClass '/Game/ThirdPersonBP/Maps/ThirdPersonExampleMap.ThirdPersonExampleMap_C' with ClassGeneratedBy '/Game/ThirdPersonBP/Maps/ThirdPersonExampleMap.ThirdPersonExampleMap:PersistentLevel.ThirdPersonExampleMap'
[2018.05.26-14.41.46:677][885]LogSlate: FSceneViewport::OnFocusLost() reason 2
[2018.05.26-14.41.47:867][ 12]LogSlate: FSceneViewport::OnFocusLost() reason 2
[2018.05.26-14.41.49:185][ 12]LogSavePackage: Save=1076.25ms
[2018.05.26-14.41.49:185][ 12]LogSavePackage: Moving '../../../../../../Users/Ryan/Documents/Indie Games/BossFight_Proto/Saved/ThirdPersonExampleMap4298D761477EF31ABB92D38F4C0EECCD.tmp' to '../../../../../../Users/Ryan/Documents/Indie Games/BossFight_Proto/Content/ThirdPersonBP/Maps/ThirdPersonExampleMap.umap'
[2018.05.26-14.41.49:189][ 12]LogSavePackage: Display: Finished SavePackage ../../../../../../Users/Ryan/Documents/Indie Games/BossFight_Proto/Content/ThirdPersonBP/Maps/ThirdPersonExampleMap.umap
[2018.05.26-14.41.49:214][ 12]LogFileHelpers: Saving map 'ThirdPersonExampleMap' took 1.326
[2018.05.26-14.51.49:101][721]LogSavePackage: Save=684.55ms
[2018.05.26-14.51.49:101][721]LogSavePackage: Moving '../../../../../../Users/Ryan/Documents/Indie Games/BossFight_Proto/Saved/ThirdPersonExampleMap_Auto2EECF712348FD4B107F023FB02BA9068E.tmp' to '../../../../../../Users/Ryan/Documents/Indie Games/BossFight_Proto/Saved/Autosaves/Game/ThirdPersonBP/Maps/ThirdPersonExampleMap_Auto2.umap'
[2018.05.26-14.51.49:102][721]LogSavePackage: Display: Finished SavePackage ../../../../../../Users/Ryan/Documents/Indie Games/BossFight_Proto/Saved/Autosaves/Game/ThirdPersonBP/Maps/ThirdPersonExampleMap_Auto2.umap
[2018.05.26-14.51.49:104][721]LogFileHelpers: Editor autosave (incl. sublevels) for '/Game/ThirdPersonBP/Maps/ThirdPersonExampleMap' took 0.736
[2018.05.26-14.51.49:104][721]LogFileHelpers: Editor autosave (incl. sublevels) for all levels took 0.736
[2018.05.26-14.58.35:687][941]LogSlate: FSceneViewport::OnFocusLost() reason 0
